This is pdfTeX, Version 3.14159265-2.6-1.40.19 (MiKTeX 2.9.6840) (preloaded format=pdflatex 2019.1.13)  29 MAY 2019 14:43
entering extended mode
**/Users/em137vl/git/zkp-opensource/ZKPDemo/documentation/whitepaper/nightfall-v1.tex
(/Users/em137vl/git/zkp-opensource/ZKPDemo/documentation/whitepaper/nightfall-v1.tex
LaTeX2e <2018-12-01>
("/Users/em137vl/Library/Application Support/MiKTeX/texmfs/install/tex/latex/base/article.cls"
Document Class: article 2018/09/03 v1.4i Standard LaTeX document class
("/Users/em137vl/Library/Application Support/MiKTeX/texmfs/install/tex/latex/base/size10.clo"
File: size10.clo 2018/09/03 v1.4i Standard LaTeX file (size option)
)
\c@part=\count80
\c@section=\count81
\c@subsection=\count82
\c@subsubsection=\count83
\c@paragraph=\count84
\c@subparagraph=\count85
\c@figure=\count86
\c@table=\count87
\abovecaptionskip=\skip41
\belowcaptionskip=\skip42
\bibindent=\dimen102
) ("/Users/em137vl/Library/Application Support/MiKTeX/texmfs/install/tex/latex/minitoc/minitoc.sty"
Package: minitoc 2018/07/12 v62 Package minitoc
 ("/Users/em137vl/Library/Application Support/MiKTeX/texmfs/install/tex/latex/minitoc/mtcmess.sty"
Package: mtcmess 2006/03/14
)
Package minitoc Info: I0001
(minitoc)             *** minitoc package, version 62 ***.
\tf@mtc=\write3
\mtcindent=\skip43
\mtcskipamount=\skip44
Package minitoc Info: I0005
(minitoc)             compatible with hyperref.
Package minitoc Info: I0023
(minitoc)             part level macros available.
Package minitoc Info: I0004
(minitoc)             chapter level macros NOT available.
Package minitoc Info: I0028
(minitoc)             section level macros available.
\mtc@toks=\toks14
\mtc@strutbox=\box27
\mtc@hstrutbox=\box28
Package minitoc Info: I0002
(minitoc)             Autoconfiguration of extensions.
\openout3 = `nightfall-v1.mtc0'.

\openout3 = `nightfall-v1.mtc'.

 (/Users/em137vl/git/zkp-opensource/ZKPDemo/documentation/whitepaper/nightfall-v1.mtc0)
Package minitoc Info: I0012
(minitoc)             Long extensions (Unix-like) will be used.
Package minitoc Info: I0031
(minitoc)             ==> this version is configured for UNIX-like 
(minitoc)                 (long extensions) file names.
\openout3 = `nightfall-v1.mtc'.

\openout3 = `nightfall-v1.mtc0'.

\c@ptc=\count88
\c@parttocdepth=\count89
\ptcindent=\skip45
\c@stc=\count90
\c@secttocdepth=\count91
\stcindent=\skip46
Package minitoc Info: I0010
(minitoc)             The english language is selected.
(minitoc)              on input line 4910.
 ("/Users/em137vl/Library/Application Support/MiKTeX/texmfs/install/tex/latex/minitoc/english.mld"
File: english.mld 2006/01/13
) ("/Users/em137vl/Library/Application Support/MiKTeX/texmfs/install/tex/latex/minitoc/english.mld"
File: english.mld 2006/01/13
) ("/Users/em137vl/Library/Application Support/MiKTeX/texmfs/install/tex/latex/base/flafter.sty"
Package: flafter 2018/11/28 v1.4d Standard LaTeX floats after reference (FMi)
Applying: [2015/01/01] float order in 2-column on input line 49.
Already applied: [0000/00/00] float order in 2-column on input line 151.
) ("/Users/em137vl/Library/Application Support/MiKTeX/texmfs/install/tex/latex/placeins/placeins.sty"
Package: placeins 2005/04/18  v 2.2
))
Package minitoc Info: I0013
(minitoc)             \mtcsetdepth redefines the counter 
(minitoc)             "parttocdepth" as "2" on input line 5.
Package minitoc Info: I0013
(minitoc)             \mtcsetdepth redefines the counter 
(minitoc)             "secttocdepth" as "3" on input line 6.
 ("/Users/em137vl/Library/Application Support/MiKTeX/texmfs/install/tex/latex/amsfonts/amssymb.sty"
Package: amssymb 2013/01/14 v3.01 AMS font symbols
 ("/Users/em137vl/Library/Application Support/MiKTeX/texmfs/install/tex/latex/amsfonts/amsfonts.sty"
Package: amsfonts 2013/01/14 v3.01 Basic AMSFonts support
\@emptytoks=\toks15
\symAMSa=\mathgroup4
\symAMSb=\mathgroup5
LaTeX Font Info:    Overwriting math alphabet `\mathfrak' in version `bold'
(Font)                  U/euf/m/n --> U/euf/b/n on input line 106.
)) ("/Users/em137vl/Library/Application Support/MiKTeX/texmfs/install/tex/latex/amsmath/amsmath.sty"
Package: amsmath 2018/12/01 v2.17b AMS math features
\@mathmargin=\skip47

For additional information on amsmath, use the `?' option.
("/Users/em137vl/Library/Application Support/MiKTeX/texmfs/install/tex/latex/amsmath/amstext.sty"
Package: amstext 2000/06/29 v2.01 AMS text
 ("/Users/em137vl/Library/Application Support/MiKTeX/texmfs/install/tex/latex/amsmath/amsgen.sty"
File: amsgen.sty 1999/11/30 v2.0 generic functions
\@emptytoks=\toks16
\ex@=\dimen103
)) ("/Users/em137vl/Library/Application Support/MiKTeX/texmfs/install/tex/latex/amsmath/amsbsy.sty"
Package: amsbsy 1999/11/29 v1.2d Bold Symbols
\pmbraise@=\dimen104
) ("/Users/em137vl/Library/Application Support/MiKTeX/texmfs/install/tex/latex/amsmath/amsopn.sty"
Package: amsopn 2016/03/08 v2.02 operator names
)
\inf@bad=\count92
LaTeX Info: Redefining \frac on input line 223.
\uproot@=\count93
\leftroot@=\count94
LaTeX Info: Redefining \overline on input line 385.
\classnum@=\count95
\DOTSCASE@=\count96
LaTeX Info: Redefining \ldots on input line 482.
LaTeX Info: Redefining \dots on input line 485.
LaTeX Info: Redefining \cdots on input line 606.
\Mathstrutbox@=\box29
\strutbox@=\box30
\big@size=\dimen105
LaTeX Font Info:    Redeclaring font encoding OML on input line 729.
LaTeX Font Info:    Redeclaring font encoding OMS on input line 730.
\macc@depth=\count97
\c@MaxMatrixCols=\count98
\dotsspace@=\muskip10
\c@parentequation=\count99
\dspbrk@lvl=\count100
\tag@help=\toks17
\row@=\count101
\column@=\count102
\maxfields@=\count103
\andhelp@=\toks18
\eqnshift@=\dimen106
\alignsep@=\dimen107
\tagshift@=\dimen108
\tagwidth@=\dimen109
\totwidth@=\dimen110
\lineht@=\dimen111
\@envbody=\toks19
\multlinegap=\skip48
\multlinetaggap=\skip49
\mathdisplay@stack=\toks20
LaTeX Info: Redefining \[ on input line 2844.
LaTeX Info: Redefining \] on input line 2845.
) ("/Users/em137vl/Library/Application Support/MiKTeX/texmfs/install/tex/latex/tools/bm.sty"
Package: bm 2017/01/16 v1.2c Bold Symbol Support (DPC/FMi)
\symboldoperators=\mathgroup6
\symboldletters=\mathgroup7
\symboldsymbols=\mathgroup8
LaTeX Font Info:    Redeclaring math alphabet \mathbf on input line 141.
LaTeX Info: Redefining \bm on input line 207.
) ("/Users/em137vl/Library/Application Support/MiKTeX/texmfs/install/tex/latex/forest/forest.sty"
Package: forest 2017/07/14 v2.1.5 Drawing (linguistic) trees
 ("/Users/em137vl/Library/Application Support/MiKTeX/texmfs/install/tex/latex/pgf/frontendlayer/tikz.sty" ("/Users/em137vl/Library/Application Support/MiKTeX/texmfs/install/tex/latex/pgf/basiclayer/pgf.sty" ("/Users/em137vl/Library/Application Support/MiKTeX/texmfs/install/tex/latex/pgf/utilities/pgfrcs.sty" ("/Users/em137vl/Library/Application Support/MiKTeX/texmfs/install/tex/generic/pgf/utilities/pgfutil-common.tex"
\pgfutil@everybye=\toks21
\pgfutil@tempdima=\dimen112
\pgfutil@tempdimb=\dimen113
 ("/Users/em137vl/Library/Application Support/MiKTeX/texmfs/install/tex/generic/pgf/utilities/pgfutil-common-lists.tex")) ("/Users/em137vl/Library/Application Support/MiKTeX/texmfs/install/tex/generic/pgf/utilities/pgfutil-latex.def"
\pgfutil@abb=\box31
 ("/Users/em137vl/Library/Application Support/MiKTeX/texmfs/install/tex/latex/ms/everyshi.sty"
Package: everyshi 2001/05/15 v3.00 EveryShipout Package (MS)
)) ("/Users/em137vl/Library/Application Support/MiKTeX/texmfs/install/tex/generic/pgf/utilities/pgfrcs.code.tex" ("/Users/em137vl/Library/Application Support/MiKTeX/texmfs/install/tex/generic/pgf/pgf.revision.tex")
Package: pgfrcs 2019/01/05 v3.1 (3.1)
))
Package: pgf 2019/01/05 v3.1 (3.1)
 ("/Users/em137vl/Library/Application Support/MiKTeX/texmfs/install/tex/latex/pgf/basiclayer/pgfcore.sty" ("/Users/em137vl/Library/Application Support/MiKTeX/texmfs/install/tex/latex/graphics/graphicx.sty"
Package: graphicx 2017/06/01 v1.1a Enhanced LaTeX Graphics (DPC,SPQR)
 ("/Users/em137vl/Library/Application Support/MiKTeX/texmfs/install/tex/latex/graphics/keyval.sty"
Package: keyval 2014/10/28 v1.15 key=value parser (DPC)
\KV@toks@=\toks22
) ("/Users/em137vl/Library/Application Support/MiKTeX/texmfs/install/tex/latex/graphics/graphics.sty"
Package: graphics 2017/06/25 v1.2c Standard LaTeX Graphics (DPC,SPQR)
 ("/Users/em137vl/Library/Application Support/MiKTeX/texmfs/install/tex/latex/graphics/trig.sty"
Package: trig 2016/01/03 v1.10 sin cos tan (DPC)
) ("/Users/em137vl/Library/Application Support/MiKTeX/texmfs/install/tex/latex/graphics-cfg/graphics.cfg"
File: graphics.cfg 2016/06/04 v1.11 sample graphics configuration
)
Package graphics Info: Driver file: pdftex.def on input line 99.
 ("/Users/em137vl/Library/Application Support/MiKTeX/texmfs/install/tex/latex/graphics-def/pdftex.def"
File: pdftex.def 2018/01/08 v1.0l Graphics/color driver for pdftex
))
\Gin@req@height=\dimen114
\Gin@req@width=\dimen115
) ("/Users/em137vl/Library/Application Support/MiKTeX/texmfs/install/tex/latex/pgf/systemlayer/pgfsys.sty" ("/Users/em137vl/Library/Application Support/MiKTeX/texmfs/install/tex/generic/pgf/systemlayer/pgfsys.code.tex"
Package: pgfsys 2019/01/05 v3.1 (3.1)
 ("/Users/em137vl/Library/Application Support/MiKTeX/texmfs/install/tex/generic/pgf/utilities/pgfkeys.code.tex"
\pgfkeys@pathtoks=\toks23
\pgfkeys@temptoks=\toks24
 ("/Users/em137vl/Library/Application Support/MiKTeX/texmfs/install/tex/generic/pgf/utilities/pgfkeysfiltered.code.tex"
\pgfkeys@tmptoks=\toks25
))
\pgf@x=\dimen116
\pgf@y=\dimen117
\pgf@xa=\dimen118
\pgf@ya=\dimen119
\pgf@xb=\dimen120
\pgf@yb=\dimen121
\pgf@xc=\dimen122
\pgf@yc=\dimen123
\w@pgf@writea=\write4
\r@pgf@reada=\read1
\c@pgf@counta=\count104
\c@pgf@countb=\count105
\c@pgf@countc=\count106
\c@pgf@countd=\count107
\t@pgf@toka=\toks26
\t@pgf@tokb=\toks27
\t@pgf@tokc=\toks28
\pgf@sys@id@count=\count108
 ("/Users/em137vl/Library/Application Support/MiKTeX/texmfs/install/tex/generic/pgf/systemlayer/pgf.cfg"
File: pgf.cfg 2019/01/05 v3.1 (3.1)
)
Driver file for pgf: pgfsys-pdftex.def
 ("/Users/em137vl/Library/Application Support/MiKTeX/texmfs/install/tex/generic/pgf/systemlayer/pgfsys-pdftex.def"
File: pgfsys-pdftex.def 2019/01/05 v3.1 (3.1)
 ("/Users/em137vl/Library/Application Support/MiKTeX/texmfs/install/tex/generic/pgf/systemlayer/pgfsys-common-pdf.def"
File: pgfsys-common-pdf.def 2019/01/05 v3.1 (3.1)
))) ("/Users/em137vl/Library/Application Support/MiKTeX/texmfs/install/tex/generic/pgf/systemlayer/pgfsyssoftpath.code.tex"
File: pgfsyssoftpath.code.tex 2019/01/05 v3.1 (3.1)
\pgfsyssoftpath@smallbuffer@items=\count109
\pgfsyssoftpath@bigbuffer@items=\count110
) ("/Users/em137vl/Library/Application Support/MiKTeX/texmfs/install/tex/generic/pgf/systemlayer/pgfsysprotocol.code.tex"
File: pgfsysprotocol.code.tex 2019/01/05 v3.1 (3.1)
)) ("/Users/em137vl/Library/Application Support/MiKTeX/texmfs/install/tex/latex/xcolor/xcolor.sty"
Package: xcolor 2016/05/11 v2.12 LaTeX color extensions (UK)
 ("/Users/em137vl/Library/Application Support/MiKTeX/texmfs/install/tex/latex/graphics-cfg/color.cfg"
File: color.cfg 2016/01/02 v1.6 sample color configuration
)
Package xcolor Info: Driver file: pdftex.def on input line 225.
Package xcolor Info: Model `cmy' substituted by `cmy0' on input line 1348.
Package xcolor Info: Model `hsb' substituted by `rgb' on input line 1352.
Package xcolor Info: Model `RGB' extended on input line 1364.
Package xcolor Info: Model `HTML' substituted by `rgb' on input line 1366.
Package xcolor Info: Model `Hsb' substituted by `hsb' on input line 1367.
Package xcolor Info: Model `tHsb' substituted by `hsb' on input line 1368.
Package xcolor Info: Model `HSB' substituted by `hsb' on input line 1369.
Package xcolor Info: Model `Gray' substituted by `gray' on input line 1370.
Package xcolor Info: Model `wave' substituted by `hsb' on input line 1371.
) ("/Users/em137vl/Library/Application Support/MiKTeX/texmfs/install/tex/generic/pgf/basiclayer/pgfcore.code.tex"
Package: pgfcore 2019/01/05 v3.1 (3.1)
 ("/Users/em137vl/Library/Application Support/MiKTeX/texmfs/install/tex/generic/pgf/math/pgfmath.code.tex" ("/Users/em137vl/Library/Application Support/MiKTeX/texmfs/install/tex/generic/pgf/math/pgfmathcalc.code.tex" ("/Users/em137vl/Library/Application Support/MiKTeX/texmfs/install/tex/generic/pgf/math/pgfmathutil.code.tex") ("/Users/em137vl/Library/Application Support/MiKTeX/texmfs/install/tex/generic/pgf/math/pgfmathparser.code.tex"
\pgfmath@dimen=\dimen124
\pgfmath@count=\count111
\pgfmath@box=\box32
\pgfmath@toks=\toks29
\pgfmath@stack@operand=\toks30
\pgfmath@stack@operation=\toks31
) ("/Users/em137vl/Library/Application Support/MiKTeX/texmfs/install/tex/generic/pgf/math/pgfmathfunctions.code.tex" ("/Users/em137vl/Library/Application Support/MiKTeX/texmfs/install/tex/generic/pgf/math/pgfmathfunctions.basic.code.tex") ("/Users/em137vl/Library/Application Support/MiKTeX/texmfs/install/tex/generic/pgf/math/pgfmathfunctions.trigonometric.code.tex") ("/Users/em137vl/Library/Application Support/MiKTeX/texmfs/install/tex/generic/pgf/math/pgfmathfunctions.random.code.tex") ("/Users/em137vl/Library/Application Support/MiKTeX/texmfs/install/tex/generic/pgf/math/pgfmathfunctions.comparison.code.tex") ("/Users/em137vl/Library/Application Support/MiKTeX/texmfs/install/tex/generic/pgf/math/pgfmathfunctions.base.code.tex") ("/Users/em137vl/Library/Application Support/MiKTeX/texmfs/install/tex/generic/pgf/math/pgfmathfunctions.round.code.tex") ("/Users/em137vl/Library/Application Support/MiKTeX/texmfs/install/tex/generic/pgf/math/pgfmathfunctions.misc.code.tex") ("/Users/em137vl/Library/Application Support/MiKTeX/texmfs/install/tex/generic/pgf/math/pgfmathfunctions.integerarithmetics.code.tex"))) ("/Users/em137vl/Library/Application Support/MiKTeX/texmfs/install/tex/generic/pgf/math/pgfmathfloat.code.tex"
\c@pgfmathroundto@lastzeros=\count112
)) ("/Users/em137vl/Library/Application Support/MiKTeX/texmfs/install/tex/generic/pgf/basiclayer/pgfcorepoints.code.tex"
File: pgfcorepoints.code.tex 2019/01/05 v3.1 (3.1)
\pgf@picminx=\dimen125
\pgf@picmaxx=\dimen126
\pgf@picminy=\dimen127
\pgf@picmaxy=\dimen128
\pgf@pathminx=\dimen129
\pgf@pathmaxx=\dimen130
\pgf@pathminy=\dimen131
\pgf@pathmaxy=\dimen132
\pgf@xx=\dimen133
\pgf@xy=\dimen134
\pgf@yx=\dimen135
\pgf@yy=\dimen136
\pgf@zx=\dimen137
\pgf@zy=\dimen138
) ("/Users/em137vl/Library/Application Support/MiKTeX/texmfs/install/tex/generic/pgf/basiclayer/pgfcorepathconstruct.code.tex"
File: pgfcorepathconstruct.code.tex 2019/01/05 v3.1 (3.1)
\pgf@path@lastx=\dimen139
\pgf@path@lasty=\dimen140
) ("/Users/em137vl/Library/Application Support/MiKTeX/texmfs/install/tex/generic/pgf/basiclayer/pgfcorepathusage.code.tex"
File: pgfcorepathusage.code.tex 2019/01/05 v3.1 (3.1)
\pgf@shorten@end@additional=\dimen141
\pgf@shorten@start@additional=\dimen142
) ("/Users/em137vl/Library/Application Support/MiKTeX/texmfs/install/tex/generic/pgf/basiclayer/pgfcorescopes.code.tex"
File: pgfcorescopes.code.tex 2019/01/05 v3.1 (3.1)
\pgfpic=\box33
\pgf@hbox=\box34
\pgf@layerbox@main=\box35
\pgf@picture@serial@count=\count113
) ("/Users/em137vl/Library/Application Support/MiKTeX/texmfs/install/tex/generic/pgf/basiclayer/pgfcoregraphicstate.code.tex"
File: pgfcoregraphicstate.code.tex 2019/01/05 v3.1 (3.1)
\pgflinewidth=\dimen143
) ("/Users/em137vl/Library/Application Support/MiKTeX/texmfs/install/tex/generic/pgf/basiclayer/pgfcoretransformations.code.tex"
File: pgfcoretransformations.code.tex 2019/01/05 v3.1 (3.1)
\pgf@pt@x=\dimen144
\pgf@pt@y=\dimen145
\pgf@pt@temp=\dimen146
) ("/Users/em137vl/Library/Application Support/MiKTeX/texmfs/install/tex/generic/pgf/basiclayer/pgfcorequick.code.tex"
File: pgfcorequick.code.tex 2019/01/05 v3.1 (3.1)
) ("/Users/em137vl/Library/Application Support/MiKTeX/texmfs/install/tex/generic/pgf/basiclayer/pgfcoreobjects.code.tex"
File: pgfcoreobjects.code.tex 2019/01/05 v3.1 (3.1)
) ("/Users/em137vl/Library/Application Support/MiKTeX/texmfs/install/tex/generic/pgf/basiclayer/pgfcorepathprocessing.code.tex"
File: pgfcorepathprocessing.code.tex 2019/01/05 v3.1 (3.1)
) ("/Users/em137vl/Library/Application Support/MiKTeX/texmfs/install/tex/generic/pgf/basiclayer/pgfcorearrows.code.tex"
File: pgfcorearrows.code.tex 2019/01/05 v3.1 (3.1)
\pgfarrowsep=\dimen147
) ("/Users/em137vl/Library/Application Support/MiKTeX/texmfs/install/tex/generic/pgf/basiclayer/pgfcoreshade.code.tex"
File: pgfcoreshade.code.tex 2019/01/05 v3.1 (3.1)
\pgf@max=\dimen148
\pgf@sys@shading@range@num=\count114
) ("/Users/em137vl/Library/Application Support/MiKTeX/texmfs/install/tex/generic/pgf/basiclayer/pgfcoreimage.code.tex"
File: pgfcoreimage.code.tex 2019/01/05 v3.1 (3.1)
 ("/Users/em137vl/Library/Application Support/MiKTeX/texmfs/install/tex/generic/pgf/basiclayer/pgfcoreexternal.code.tex"
File: pgfcoreexternal.code.tex 2019/01/05 v3.1 (3.1)
\pgfexternal@startupbox=\box36
)) ("/Users/em137vl/Library/Application Support/MiKTeX/texmfs/install/tex/generic/pgf/basiclayer/pgfcorelayers.code.tex"
File: pgfcorelayers.code.tex 2019/01/05 v3.1 (3.1)
) ("/Users/em137vl/Library/Application Support/MiKTeX/texmfs/install/tex/generic/pgf/basiclayer/pgfcoretransparency.code.tex"
File: pgfcoretransparency.code.tex 2019/01/05 v3.1 (3.1)
) ("/Users/em137vl/Library/Application Support/MiKTeX/texmfs/install/tex/generic/pgf/basiclayer/pgfcorepatterns.code.tex"
File: pgfcorepatterns.code.tex 2019/01/05 v3.1 (3.1)
) ("/Users/em137vl/Library/Application Support/MiKTeX/texmfs/install/tex/generic/pgf/basiclayer/pgfcorerdf.code.tex"
File: pgfcorerdf.code.tex 2019/01/05 v3.1 (3.1)
))) ("/Users/em137vl/Library/Application Support/MiKTeX/texmfs/install/tex/generic/pgf/modules/pgfmoduleshapes.code.tex"
File: pgfmoduleshapes.code.tex 2019/01/05 v3.1 (3.1)
\pgfnodeparttextbox=\box37
) ("/Users/em137vl/Library/Application Support/MiKTeX/texmfs/install/tex/generic/pgf/modules/pgfmoduleplot.code.tex"
File: pgfmoduleplot.code.tex 2019/01/05 v3.1 (3.1)
) ("/Users/em137vl/Library/Application Support/MiKTeX/texmfs/install/tex/latex/pgf/compatibility/pgfcomp-version-0-65.sty"
Package: pgfcomp-version-0-65 2019/01/05 v3.1 (3.1)
\pgf@nodesepstart=\dimen149
\pgf@nodesepend=\dimen150
) ("/Users/em137vl/Library/Application Support/MiKTeX/texmfs/install/tex/latex/pgf/compatibility/pgfcomp-version-1-18.sty"
Package: pgfcomp-version-1-18 2019/01/05 v3.1 (3.1)
)) ("/Users/em137vl/Library/Application Support/MiKTeX/texmfs/install/tex/latex/pgf/utilities/pgffor.sty" ("/Users/em137vl/Library/Application Support/MiKTeX/texmfs/install/tex/latex/pgf/utilities/pgfkeys.sty" ("/Users/em137vl/Library/Application Support/MiKTeX/texmfs/install/tex/generic/pgf/utilities/pgfkeys.code.tex")) ("/Users/em137vl/Library/Application Support/MiKTeX/texmfs/install/tex/latex/pgf/math/pgfmath.sty" ("/Users/em137vl/Library/Application Support/MiKTeX/texmfs/install/tex/generic/pgf/math/pgfmath.code.tex")) ("/Users/em137vl/Library/Application Support/MiKTeX/texmfs/install/tex/generic/pgf/utilities/pgffor.code.tex"
Package: pgffor 2019/01/05 v3.1 (3.1)
 ("/Users/em137vl/Library/Application Support/MiKTeX/texmfs/install/tex/generic/pgf/math/pgfmath.code.tex")
\pgffor@iter=\dimen151
\pgffor@skip=\dimen152
\pgffor@stack=\toks32
\pgffor@toks=\toks33
)) ("/Users/em137vl/Library/Application Support/MiKTeX/texmfs/install/tex/generic/pgf/frontendlayer/tikz/tikz.code.tex"
Package: tikz 2019/01/05 v3.1 (3.1)
 ("/Users/em137vl/Library/Application Support/MiKTeX/texmfs/install/tex/generic/pgf/libraries/pgflibraryplothandlers.code.tex"
File: pgflibraryplothandlers.code.tex 2019/01/05 v3.1 (3.1)
\pgf@plot@mark@count=\count115
\pgfplotmarksize=\dimen153
)
\tikz@lastx=\dimen154
\tikz@lasty=\dimen155
\tikz@lastxsaved=\dimen156
\tikz@lastysaved=\dimen157
\tikzleveldistance=\dimen158
\tikzsiblingdistance=\dimen159
\tikz@figbox=\box38
\tikz@figbox@bg=\box39
\tikz@tempbox=\box40
\tikz@tempbox@bg=\box41
\tikztreelevel=\count116
\tikznumberofchildren=\count117
\tikznumberofcurrentchild=\count118
\tikz@fig@count=\count119
 ("/Users/em137vl/Library/Application Support/MiKTeX/texmfs/install/tex/generic/pgf/modules/pgfmodulematrix.code.tex"
File: pgfmodulematrix.code.tex 2019/01/05 v3.1 (3.1)
\pgfmatrixcurrentrow=\count120
\pgfmatrixcurrentcolumn=\count121
\pgf@matrix@numberofcolumns=\count122
)
\tikz@expandcount=\count123
 ("/Users/em137vl/Library/Application Support/MiKTeX/texmfs/install/tex/generic/pgf/frontendlayer/tikz/libraries/tikzlibrarytopaths.code.tex"
File: tikzlibrarytopaths.code.tex 2019/01/05 v3.1 (3.1)
))) ("/Users/em137vl/Library/Application Support/MiKTeX/texmfs/install/tex/generic/pgf/frontendlayer/tikz/libraries/tikzlibraryshapes.code.tex"
File: tikzlibraryshapes.code.tex 2019/01/05 v3.1 (3.1)
 ("/Users/em137vl/Library/Application Support/MiKTeX/texmfs/install/tex/generic/pgf/frontendlayer/tikz/libraries/tikzlibraryshapes.geometric.code.tex"
File: tikzlibraryshapes.geometric.code.tex 2019/01/05 v3.1 (3.1)
 ("/Users/em137vl/Library/Application Support/MiKTeX/texmfs/install/tex/generic/pgf/libraries/shapes/pgflibraryshapes.geometric.code.tex"
File: pgflibraryshapes.geometric.code.tex 2019/01/05 v3.1 (3.1)
)) ("/Users/em137vl/Library/Application Support/MiKTeX/texmfs/install/tex/generic/pgf/frontendlayer/tikz/libraries/tikzlibraryshapes.misc.code.tex"
File: tikzlibraryshapes.misc.code.tex 2019/01/05 v3.1 (3.1)
 ("/Users/em137vl/Library/Application Support/MiKTeX/texmfs/install/tex/generic/pgf/libraries/shapes/pgflibraryshapes.misc.code.tex"
File: pgflibraryshapes.misc.code.tex 2019/01/05 v3.1 (3.1)
)) ("/Users/em137vl/Library/Application Support/MiKTeX/texmfs/install/tex/generic/pgf/frontendlayer/tikz/libraries/tikzlibraryshapes.symbols.code.tex"
File: tikzlibraryshapes.symbols.code.tex 2019/01/05 v3.1 (3.1)

("/Users/em137vl/Library/Application Support/MiKTeX/texmfs/install/tex/generic/pgf/libraries/shapes/pgflibraryshapes.symbols.code.tex"
File: pgflibraryshapes.symbols.code.tex 2019/01/05 v3.1 (3.1)
)) ("/Users/em137vl/Library/Application Support/MiKTeX/texmfs/install/tex/generic/pgf/frontendlayer/tikz/libraries/tikzlibraryshapes.arrows.code.tex"
File: tikzlibraryshapes.arrows.code.tex 2019/01/05 v3.1 (3.1)
 ("/Users/em137vl/Library/Application Support/MiKTeX/texmfs/install/tex/generic/pgf/libraries/shapes/pgflibraryshapes.arrows.code.tex"
File: pgflibraryshapes.arrows.code.tex 2019/01/05 v3.1 (3.1)
)) ("/Users/em137vl/Library/Application Support/MiKTeX/texmfs/install/tex/generic/pgf/frontendlayer/tikz/libraries/tikzlibraryshapes.callouts.code.tex" ("/Users/em137vl/Library/Application Support/MiKTeX/texmfs/install/tex/generic/pgf/libraries/shapes/pgflibraryshapes.callouts.code.tex")) ("/Users/em137vl/Library/Application Support/MiKTeX/texmfs/install/tex/generic/pgf/frontendlayer/tikz/libraries/tikzlibraryshapes.multipart.code.tex"
File: tikzlibraryshapes.multipart.code.tex 2019/01/05 v3.1 (3.1)
 ("/Users/em137vl/Library/Application Support/MiKTeX/texmfs/install/tex/generic/pgf/libraries/shapes/pgflibraryshapes.multipart.code.tex"
File: pgflibraryshapes.multipart.code.tex 2019/01/05 v3.1 (3.1)
\pgfnodepartlowerbox=\box42
\pgfnodeparttwobox=\box43
\pgfnodepartthreebox=\box44
\pgfnodepartfourbox=\box45
\pgfnodeparttwentybox=\box46
\pgfnodepartnineteenbox=\box47
\pgfnodeparteighteenbox=\box48
\pgfnodepartseventeenbox=\box49
\pgfnodepartsixteenbox=\box50
\pgfnodepartfifteenbox=\box51
\pgfnodepartfourteenbox=\box52
\pgfnodepartthirteenbox=\box53
\pgfnodeparttwelvebox=\box54
\pgfnodepartelevenbox=\box55
\pgfnodeparttenbox=\box56
\pgfnodepartninebox=\box57
\pgfnodeparteightbox=\box58
\pgfnodepartsevenbox=\box59
\pgfnodepartsixbox=\box60
\pgfnodepartfivebox=\box61
))) ("/Users/em137vl/Library/Application Support/MiKTeX/texmfs/install/tex/generic/pgf/frontendlayer/tikz/libraries/tikzlibraryfit.code.tex"
File: tikzlibraryfit.code.tex 2019/01/05 v3.1 (3.1)
) ("/Users/em137vl/Library/Application Support/MiKTeX/texmfs/install/tex/generic/pgf/frontendlayer/tikz/libraries/tikzlibrarycalc.code.tex"
File: tikzlibrarycalc.code.tex 2019/01/05 v3.1 (3.1)
) ("/Users/em137vl/Library/Application Support/MiKTeX/texmfs/install/tex/generic/pgf/libraries/pgflibraryintersections.code.tex" ("/Users/em137vl/Library/Application Support/MiKTeX/texmfs/install/tex/generic/pgf/libraries/pgflibraryfpu.code.tex")
\pgf@intersect@solutions=\count124
) ("/Users/em137vl/Library/Application Support/MiKTeX/texmfs/install/tex/latex/pgfopts/pgfopts.sty"
Package: pgfopts 2014/07/10 v2.1a LaTeX package options with pgfkeys
\pgfopts@list@add@a@toks=\toks34
\pgfopts@list@add@b@toks=\toks35
) ("/Users/em137vl/Library/Application Support/MiKTeX/texmfs/install/tex/latex/etoolbox/etoolbox.sty"
Package: etoolbox 2018/08/19 v2.5f e-TeX tools for LaTeX (JAW)
\etb@tempcnta=\count125
) ("/Users/em137vl/Library/Application Support/MiKTeX/texmfs/install/tex/latex/elocalloc/elocalloc.sty"
Package: elocalloc 2016/12/15 v0.03 local allocation for LaTeX 2015+ (DPC)
) ("/Users/em137vl/Library/Application Support/MiKTeX/texmfs/install/tex/latex/environ/environ.sty"
Package: environ 2014/05/04 v0.3 A new way to define environments
 ("/Users/em137vl/Library/Application Support/MiKTeX/texmfs/install/tex/latex/trimspaces/trimspaces.sty"
Package: trimspaces 2009/09/17 v1.1 Trim spaces around a token list
)) ("/Users/em137vl/Library/Application Support/MiKTeX/texmfs/install/tex/latex/l3packages/xparse/xparse.sty" ("/Users/em137vl/Library/Application Support/MiKTeX/texmfs/install/tex/latex/l3kernel/expl3.sty"
Package: expl3 2019-01-01 L3 programming layer (loader) 
 ("/Users/em137vl/Library/Application Support/MiKTeX/texmfs/install/tex/latex/l3kernel/expl3-code.tex"
Package: expl3 2019-01-01 L3 programming layer (code)
\c_max_int=\count126
\l_tmpa_int=\count127
\l_tmpb_int=\count128
\g_tmpa_int=\count129
\g_tmpb_int=\count130
\g__kernel_prg_map_int=\count131
\c_log_iow=\count132
\l_iow_line_count_int=\count133
\l__iow_line_target_int=\count134
\l__iow_one_indent_int=\count135
\l__iow_indent_int=\count136
\c_zero_dim=\dimen160
\c_max_dim=\dimen161
\l_tmpa_dim=\dimen162
\l_tmpb_dim=\dimen163
\g_tmpa_dim=\dimen164
\g_tmpb_dim=\dimen165
\c_zero_skip=\skip50
\c_max_skip=\skip51
\l_tmpa_skip=\skip52
\l_tmpb_skip=\skip53
\g_tmpa_skip=\skip54
\g_tmpb_skip=\skip55
\c_zero_muskip=\muskip11
\c_max_muskip=\muskip12
\l_tmpa_muskip=\muskip13
\l_tmpb_muskip=\muskip14
\g_tmpa_muskip=\muskip15
\g_tmpb_muskip=\muskip16
\l_keys_choice_int=\count137
\l__intarray_loop_int=\count138
\c__intarray_sp_dim=\dimen166
\g__intarray_font_int=\count139
\c__fp_leading_shift_int=\count140
\c__fp_middle_shift_int=\count141
\c__fp_trailing_shift_int=\count142
\c__fp_big_leading_shift_int=\count143
\c__fp_big_middle_shift_int=\count144
\c__fp_big_trailing_shift_int=\count145
\c__fp_Bigg_leading_shift_int=\count146
\c__fp_Bigg_middle_shift_int=\count147
\c__fp_Bigg_trailing_shift_int=\count148
\c__kernel_randint_max_int=\count149
\g__fp_array_int=\count150
\l__fp_array_loop_int=\count151
\l__sort_length_int=\count152
\l__sort_min_int=\count153
\l__sort_top_int=\count154
\l__sort_max_int=\count155
\l__sort_true_max_int=\count156
\l__sort_block_int=\count157
\l__sort_begin_int=\count158
\l__sort_end_int=\count159
\l__sort_A_int=\count160
\l__sort_B_int=\count161
\l__sort_C_int=\count162
\l__tl_analysis_normal_int=\count163
\l__tl_analysis_index_int=\count164
\l__tl_analysis_nesting_int=\count165
\l__tl_analysis_type_int=\count166
\l__regex_internal_a_int=\count167
\l__regex_internal_b_int=\count168
\l__regex_internal_c_int=\count169
\l__regex_balance_int=\count170
\l__regex_group_level_int=\count171
\l__regex_mode_int=\count172
\c__regex_cs_in_class_mode_int=\count173
\c__regex_cs_mode_int=\count174
\l__regex_catcodes_int=\count175
\l__regex_default_catcodes_int=\count176
\c__regex_catcode_D_int=\count177
\c__regex_catcode_S_int=\count178
\c__regex_catcode_L_int=\count179
\c__regex_catcode_O_int=\count180
\c__regex_catcode_A_int=\count181
\c__regex_all_catcodes_int=\count182
\l__regex_show_lines_int=\count183
\l__regex_min_state_int=\count184
\l__regex_max_state_int=\count185
\l__regex_left_state_int=\count186
\l__regex_right_state_int=\count187
\l__regex_capturing_group_int=\count188
\l__regex_min_pos_int=\count189
\l__regex_max_pos_int=\count190
\l__regex_curr_pos_int=\count191
\l__regex_start_pos_int=\count192
\l__regex_success_pos_int=\count193
\l__regex_curr_char_int=\count194
\l__regex_curr_catcode_int=\count195
\l__regex_last_char_int=\count196
\l__regex_case_changed_char_int=\count197
\l__regex_curr_state_int=\count198
\l__regex_step_int=\count199
\l__regex_min_active_int=\count266
\l__regex_max_active_int=\count267
\l__regex_replacement_csnames_int=\count268
\l__regex_match_count_int=\count269
\l__regex_min_submatch_int=\count270
\l__regex_submatch_int=\count271
\l__regex_zeroth_submatch_int=\count272
\g__regex_trace_regex_int=\count273
\c_empty_box=\box62
\l_tmpa_box=\box63
\l_tmpb_box=\box64
\g_tmpa_box=\box65
\g_tmpb_box=\box66
\l__box_top_dim=\dimen167
\l__box_bottom_dim=\dimen168
\l__box_left_dim=\dimen169
\l__box_right_dim=\dimen170
\l__box_top_new_dim=\dimen171
\l__box_bottom_new_dim=\dimen172
\l__box_left_new_dim=\dimen173
\l__box_right_new_dim=\dimen174
\l__box_internal_box=\box67
\l__coffin_internal_box=\box68
\l__coffin_internal_dim=\dimen175
\l__coffin_offset_x_dim=\dimen176
\l__coffin_offset_y_dim=\dimen177
\l__coffin_x_dim=\dimen178
\l__coffin_y_dim=\dimen179
\l__coffin_x_prime_dim=\dimen180
\l__coffin_y_prime_dim=\dimen181
\c_empty_coffin=\box69
\l__coffin_aligned_coffin=\box70
\l__coffin_aligned_internal_coffin=\box71
\l_tmpa_coffin=\box72
\l_tmpb_coffin=\box73
\l__coffin_display_coffin=\box74
\l__coffin_display_coord_coffin=\box75
\l__coffin_display_pole_coffin=\box76
\l__coffin_display_offset_dim=\dimen182
\l__coffin_display_x_dim=\dimen183
\l__coffin_display_y_dim=\dimen184
\g__file_internal_ior=\read2
\l__coffin_bounding_shift_dim=\dimen185
\l__coffin_left_corner_dim=\dimen186
\l__coffin_right_corner_dim=\dimen187
\l__coffin_bottom_corner_dim=\dimen188
\l__coffin_top_corner_dim=\dimen189
\l__coffin_scaled_total_height_dim=\dimen190
\l__coffin_scaled_width_dim=\dimen191
\l__seq_internal_a_int=\count274
\l__seq_internal_b_int=\count275
) ("/Users/em137vl/Library/Application Support/MiKTeX/texmfs/install/tex/latex/l3kernel/l3pdfmode.def"
File: l3pdfmode.def 2019-01-01 v L3 Experimental driver: PDF mode
\l__driver_color_stack_int=\count276
))
Package: xparse 2018-10-17 L3 Experimental document command parser
\l__xparse_current_arg_int=\count277
\g__xparse_grabber_int=\count278
\l__xparse_m_args_int=\count279
\l__xparse_mandatory_args_int=\count280
\l__xparse_v_nesting_int=\count281
) ("/Users/em137vl/Library/Application Support/MiKTeX/texmfs/install/tex/latex/inlinedef/inlinedef.sty"
Package: inlinedef 2008/07/10 v1.0 Inlined expansions within definitions
\ID@toks=\toks36
\ID@count=\count282
)
\ID@usercommands=\toks37
\safeloop@depth=\count283
\safeRKloop@depth=\count284
\forest@temp@dimen=\dimen192
\forest@temp@count=\count285
\forest@n=\count286
\forest@temp@global@count=\count287
\forest@temp@toks=\toks38
\forest@temparray@M=\count288
\forest@temparray@N=\count289
\forest@global@temparray@M=\count290
\forest@global@temparray@N=\count291
\forest@isnum@count=\count292
\forest@isdim@nonintpart=\count293
\forest@isdim@dimen=\dimen193
\forest@sort@m=\count294
\forest@sort@k=\count295
\forest@sort@p=\count296
\bracket@content=\toks39
\bracket@afterthought=\toks40
\forest@node@maxid=\count297
\forest@process@left@M=\count298
\forest@process@left@N=\count299
\forest@process@right@M=\count300
\forest@process@right@N=\count301
\forest@process@saved@M=\count302
\forest@process@saved@N=\count303
\forest@process@result@M=\count304
\forest@process@result@N=\count305
\forest@process@n=\count306
\forest@nodewalk@branch@toks=\toks41
\forest@nodewalk@shortsteps@resolution=\toks42
\forest@do@dynamics=\toks43
\forest@box=\box77
\forest@xg=\dimen194
\forest@yg=\dimen195
\forest@xs=\dimen196
\forest@ys=\dimen197
\forest@pi@toks=\toks44
\forest@segment@toks=\toks45
\forest@PIi@toks=\toks46
\forest@PIii@toks=\toks47
\forest@copy@in=\read3
\forest@copy@out=\write5
\forest@externalize@max@outer@n=\count307
\forest@externalize@inner@n=\count308
) ("/Users/em137vl/Library/Application Support/MiKTeX/texmfs/install/tex/latex/geometry/geometry.sty"
Package: geometry 2018/04/16 v5.8 Page Geometry
 ("/Users/em137vl/Library/Application Support/MiKTeX/texmfs/install/tex/generic/oberdiek/ifpdf.sty"
Package: ifpdf 2018/09/07 v3.3 Provides the ifpdf switch
) ("/Users/em137vl/Library/Application Support/MiKTeX/texmfs/install/tex/generic/oberdiek/ifvtex.sty"
Package: ifvtex 2016/05/16 v1.6 Detect VTeX and its facilities (HO)
Package ifvtex Info: VTeX not detected.
) ("/Users/em137vl/Library/Application Support/MiKTeX/texmfs/install/tex/generic/ifxetex/ifxetex.sty"
Package: ifxetex 2010/09/12 v0.6 Provides ifxetex conditional
)
\Gm@cnth=\count309
\Gm@cntv=\count310
\c@Gm@tempcnt=\count311
\Gm@bindingoffset=\dimen198
\Gm@wd@mp=\dimen199
\Gm@odd@mp=\dimen256
\Gm@even@mp=\dimen257
\Gm@layoutwidth=\dimen258
\Gm@layoutheight=\dimen259
\Gm@layouthoffset=\dimen260
\Gm@layoutvoffset=\dimen261
\Gm@dimlist=\toks48
 ("/Users/em137vl/Library/Application Support/MiKTeX/texmfs/install/tex/latex/geometry/geometry.cfg")) ("/Users/em137vl/Library/Application Support/MiKTeX/texmfs/install/tex/latex/hyperref/hyperref.sty"
Package: hyperref 2018/11/30 v6.88e Hypertext links for LaTeX
 ("/Users/em137vl/Library/Application Support/MiKTeX/texmfs/install/tex/generic/oberdiek/hobsub-hyperref.sty"
Package: hobsub-hyperref 2016/05/16 v1.14 Bundle oberdiek, subset hyperref (HO)
 ("/Users/em137vl/Library/Application Support/MiKTeX/texmfs/install/tex/generic/oberdiek/hobsub-generic.sty"
Package: hobsub-generic 2016/05/16 v1.14 Bundle oberdiek, subset generic (HO)
Package: hobsub 2016/05/16 v1.14 Construct package bundles (HO)
Package: infwarerr 2016/05/16 v1.4 Providing info/warning/error messages (HO)
Package: ltxcmds 2016/05/16 v1.23 LaTeX kernel commands for general use (HO)
Package: ifluatex 2016/05/16 v1.4 Provides the ifluatex switch (HO)
Package ifluatex Info: LuaTeX not detected.
Package hobsub Info: Skipping package `ifvtex' (already loaded).
Package: intcalc 2016/05/16 v1.2 Expandable calculations with integers (HO)
Package hobsub Info: Skipping package `ifpdf' (already loaded).
Package: etexcmds 2016/05/16 v1.6 Avoid name clashes with e-TeX commands (HO)
Package etexcmds Info: Could not find \expanded.
(etexcmds)             That can mean that you are not using pdfTeX 1.50 or
(etexcmds)             that some package has redefined \expanded.
(etexcmds)             In the latter case, load this package earlier.
Package: kvsetkeys 2016/05/16 v1.17 Key value parser (HO)
Package: kvdefinekeys 2016/05/16 v1.4 Define keys (HO)
Package: pdftexcmds 2018/09/10 v0.29 Utility functions of pdfTeX for LuaTeX (HO)
Package pdftexcmds Info: LuaTeX not detected.
Package pdftexcmds Info: \pdf@primitive is available.
Package pdftexcmds Info: \pdf@ifprimitive is available.
Package pdftexcmds Info: \pdfdraftmode found.
Package: pdfescape 2016/05/16 v1.14 Implements pdfTeX's escape features (HO)
Package: bigintcalc 2016/05/16 v1.4 Expandable calculations on big integers (HO)
Package: bitset 2016/05/16 v1.2 Handle bit-vector datatype (HO)
Package: uniquecounter 2016/05/16 v1.3 Provide unlimited unique counter (HO)
)
Package hobsub Info: Skipping package `hobsub' (already loaded).
Package: letltxmacro 2016/05/16 v1.5 Let assignment for LaTeX macros (HO)
Package: hopatch 2016/05/16 v1.3 Wrapper for package hooks (HO)
Package: xcolor-patch 2016/05/16 xcolor patch
Package: atveryend 2016/05/16 v1.9 Hooks at the very end of document (HO)
Package: atbegshi 2016/06/09 v1.18 At begin shipout hook (HO)
Package: refcount 2016/05/16 v3.5 Data extraction from label references (HO)
Package: hycolor 2016/05/16 v1.8 Color options for hyperref/bookmark (HO)
) ("/Users/em137vl/Library/Application Support/MiKTeX/texmfs/install/tex/latex/oberdiek/auxhook.sty"
Package: auxhook 2016/05/16 v1.4 Hooks for auxiliary files (HO)
) ("/Users/em137vl/Library/Application Support/MiKTeX/texmfs/install/tex/latex/oberdiek/kvoptions.sty"
Package: kvoptions 2016/05/16 v3.12 Key value format for package options (HO)
)
\@linkdim=\dimen262
\Hy@linkcounter=\count312
\Hy@pagecounter=\count313
 ("/Users/em137vl/Library/Application Support/MiKTeX/texmfs/install/tex/latex/hyperref/pd1enc.def"
File: pd1enc.def 2018/11/30 v6.88e Hyperref: PDFDocEncoding definition (HO)
Now handling font encoding PD1 ...
... no UTF-8 mapping file for font encoding PD1
)
\Hy@SavedSpaceFactor=\count314
 ("/Users/em137vl/Library/Application Support/MiKTeX/texmfs/install/tex/latex/00miktex/hyperref.cfg"
File: hyperref.cfg 2002/06/06 v1.2 hyperref configuration of TeXLive
)
Package hyperref Info: Hyper figures OFF on input line 4519.
Package hyperref Info: Link nesting OFF on input line 4524.
Package hyperref Info: Hyper index ON on input line 4527.
Package hyperref Info: Plain pages OFF on input line 4534.
Package hyperref Info: Backreferencing OFF on input line 4539.
Package hyperref Info: Implicit mode ON; LaTeX internals redefined.
Package hyperref Info: Bookmarks ON on input line 4772.
\c@Hy@tempcnt=\count315
 ("/Users/em137vl/Library/Application Support/MiKTeX/texmfs/install/tex/latex/url/url.sty"
\Urlmuskip=\muskip17
Package: url 2013/09/16  ver 3.4  Verb mode for urls, etc.
)
LaTeX Info: Redefining \url on input line 5125.
\XeTeXLinkMargin=\dimen263
\Fld@menulength=\count316
\Field@Width=\dimen264
\Fld@charsize=\dimen265
Package hyperref Info: Hyper figures OFF on input line 6380.
Package hyperref Info: Link nesting OFF on input line 6385.
Package hyperref Info: Hyper index ON on input line 6388.
Package hyperref Info: backreferencing OFF on input line 6395.
Package hyperref Info: Link coloring OFF on input line 6400.
Package hyperref Info: Link coloring with OCG OFF on input line 6405.
Package hyperref Info: PDF/A mode OFF on input line 6410.
LaTeX Info: Redefining \ref on input line 6450.
LaTeX Info: Redefining \pageref on input line 6454.
\Hy@abspage=\count317
\c@Item=\count318
\c@Hfootnote=\count319
)
Package hyperref Info: Driver (autodetected): hpdftex.
 ("/Users/em137vl/Library/Application Support/MiKTeX/texmfs/install/tex/latex/hyperref/hpdftex.def"
File: hpdftex.def 2018/11/30 v6.88e Hyperref driver for pdfTeX
\Fld@listcount=\count320
\c@bookmark@seq@number=\count321
 ("/Users/em137vl/Library/Application Support/MiKTeX/texmfs/install/tex/latex/oberdiek/rerunfilecheck.sty"
Package: rerunfilecheck 2016/05/16 v1.8 Rerun checks for auxiliary files (HO)
Package uniquecounter Info: New unique counter `rerunfilecheck' on input line 282.
)
\Hy@SectionHShift=\skip56
)
Package hyperref Info: Option `colorlinks' set `true' on input line 23.
 ("/Users/em137vl/Library/Application Support/MiKTeX/texmfs/install/tex/latex/makecell/makecell.sty"
Package: makecell 2009/08/03 V0.1e Managing of Tab Column Heads and Cells
 ("/Users/em137vl/Library/Application Support/MiKTeX/texmfs/install/tex/latex/tools/array.sty"
Package: array 2018/12/30 v2.4k Tabular extension package (FMi)
\col@sep=\dimen266
\ar@mcellbox=\box78
\extrarowheight=\dimen267
\NC@list=\toks49
\extratabsurround=\skip57
\backup@length=\skip58
\ar@cellbox=\box79
)
\rotheadsize=\dimen268
\c@nlinenum=\count322
\TeXr@lab=\toks50
)
\c@ongoingEnumCounter=\count323
 ("/Users/em137vl/Library/Application Support/MiKTeX/texmfs/install/tex/latex/mdframed/mdframed.sty"
Package: mdframed 2013/07/01 1.9b: mdframed
 ("/Users/em137vl/Library/Application Support/MiKTeX/texmfs/install/tex/latex/oberdiek/zref-abspage.sty"
Package: zref-abspage 2018/11/21 v2.27 Module abspage for zref (HO)
 ("/Users/em137vl/Library/Application Support/MiKTeX/texmfs/install/tex/latex/oberdiek/zref-base.sty"
Package: zref-base 2018/11/21 v2.27 Module base for zref (HO)
Package zref Info: New property list: main on input line 759.
Package zref Info: New property: default on input line 760.
Package zref Info: New property: page on input line 761.
)
\c@abspage=\count324
Package zref Info: New property: abspage on input line 62.
) ("/Users/em137vl/Library/Application Support/MiKTeX/texmfs/install/tex/latex/needspace/needspace.sty"
Package: needspace 2010/09/12 v1.3d reserve vertical space
)
\mdf@templength=\skip59
\c@mdf@globalstyle@cnt=\count325
\mdf@skipabove@length=\skip60
\mdf@skipbelow@length=\skip61
\mdf@leftmargin@length=\skip62
\mdf@rightmargin@length=\skip63
\mdf@innerleftmargin@length=\skip64
\mdf@innerrightmargin@length=\skip65
\mdf@innertopmargin@length=\skip66
\mdf@innerbottommargin@length=\skip67
\mdf@splittopskip@length=\skip68
\mdf@splitbottomskip@length=\skip69
\mdf@outermargin@length=\skip70
\mdf@innermargin@length=\skip71
\mdf@linewidth@length=\skip72
\mdf@innerlinewidth@length=\skip73
\mdf@middlelinewidth@length=\skip74
\mdf@outerlinewidth@length=\skip75
\mdf@roundcorner@length=\skip76
\mdf@footenotedistance@length=\skip77
\mdf@userdefinedwidth@length=\skip78
\mdf@needspace@length=\skip79
\mdf@frametitleaboveskip@length=\skip80
\mdf@frametitlebelowskip@length=\skip81
\mdf@frametitlerulewidth@length=\skip82
\mdf@frametitleleftmargin@length=\skip83
\mdf@frametitlerightmargin@length=\skip84
\mdf@shadowsize@length=\skip85
\mdf@extratopheight@length=\skip86
\mdf@subtitleabovelinewidth@length=\skip87
\mdf@subtitlebelowlinewidth@length=\skip88
\mdf@subtitleaboveskip@length=\skip89
\mdf@subtitlebelowskip@length=\skip90
\mdf@subtitleinneraboveskip@length=\skip91
\mdf@subtitleinnerbelowskip@length=\skip92
\mdf@subsubtitleabovelinewidth@length=\skip93
\mdf@subsubtitlebelowlinewidth@length=\skip94
\mdf@subsubtitleaboveskip@length=\skip95
\mdf@subsubtitlebelowskip@length=\skip96
\mdf@subsubtitleinneraboveskip@length=\skip97
\mdf@subsubtitleinnerbelowskip@length=\skip98
 ("/Users/em137vl/Library/Application Support/MiKTeX/texmfs/install/tex/latex/mdframed/md-frame-0.mdf"
File: md-frame-0.mdf 2013/07/01\ 1.9b: md-frame-0
)
\mdf@frametitlebox=\box80
\mdf@footnotebox=\box81
\mdf@splitbox@one=\box82
\mdf@splitbox@two=\box83
\mdf@splitbox@save=\box84
\mdfsplitboxwidth=\skip99
\mdfsplitboxtotalwidth=\skip100
\mdfsplitboxheight=\skip101
\mdfsplitboxdepth=\skip102
\mdfsplitboxtotalheight=\skip103
\mdfframetitleboxwidth=\skip104
\mdfframetitleboxtotalwidth=\skip105
\mdfframetitleboxheight=\skip106
\mdfframetitleboxdepth=\skip107
\mdfframetitleboxtotalheight=\skip108
\mdffootnoteboxwidth=\skip109
\mdffootnoteboxtotalwidth=\skip110
\mdffootnoteboxheight=\skip111
\mdffootnoteboxdepth=\skip112
\mdffootnoteboxtotalheight=\skip113
\mdftotallinewidth=\skip114
\mdfboundingboxwidth=\skip115
\mdfboundingboxtotalwidth=\skip116
\mdfboundingboxheight=\skip117
\mdfboundingboxdepth=\skip118
\mdfboundingboxtotalheight=\skip119
\mdf@freevspace@length=\skip120
\mdf@horizontalwidthofbox@length=\skip121
\mdf@verticalmarginwhole@length=\skip122
\mdf@horizontalspaceofbox=\skip123
\mdfsubtitleheight=\skip124
\mdfsubsubtitleheight=\skip125
\c@mdfcountframes=\count326

****** mdframed patching \endmdf@trivlist

****** -- success******

\mdf@envdepth=\count327
\c@mdf@env@i=\count328
\c@mdf@env@ii=\count329
\c@mdf@zref@counter=\count330
Package zref Info: New property: mdf@pagevalue on input line 895.
) ("/Users/em137vl/Library/Application Support/MiKTeX/texmfs/install/tex/latex/caption/caption.sty"
Package: caption 2018/10/06 v3.3-154 Customizing captions (AR)
 ("/Users/em137vl/Library/Application Support/MiKTeX/texmfs/install/tex/latex/caption/caption3.sty"
Package: caption3 2018/09/12 v1.8c caption3 kernel (AR)
Package caption3 Info: TeX engine: e-TeX on input line 64.
\captionmargin=\dimen269
\captionmargin@=\dimen270
\captionwidth=\dimen271
\caption@tempdima=\dimen272
\caption@indent=\dimen273
\caption@parindent=\dimen274
\caption@hangindent=\dimen275
)
\c@caption@flags=\count331
\c@ContinuedFloat=\count332
Package caption Info: hyperref package is loaded.
) ("/Users/em137vl/Library/Application Support/MiKTeX/texmfs/install/tex/latex/float/float.sty"
Package: float 2001/11/08 v1.3d Float enhancements (AL)
\c@float@type=\count333
\float@exts=\toks51
\float@box=\box85
\@float@everytoks=\toks52
\@floatcapt=\box86
) ("/Users/em137vl/Library/Application Support/MiKTeX/texmfs/install/tex/latex/listings/listings.sty"
\lst@mode=\count334
\lst@gtempboxa=\box87
\lst@token=\toks53
\lst@length=\count335
\lst@currlwidth=\dimen276
\lst@column=\count336
\lst@pos=\count337
\lst@lostspace=\dimen277
\lst@width=\dimen278
\lst@newlines=\count338
\lst@lineno=\count339
\lst@maxwidth=\dimen279
 ("/Users/em137vl/Library/Application Support/MiKTeX/texmfs/install/tex/latex/listings/lstmisc.sty"
File: lstmisc.sty 2018/09/02 1.7 (Carsten Heinz)
\c@lstnumber=\count340
\lst@skipnumbers=\count341
\lst@framebox=\box88
) ("/Users/em137vl/Library/Application Support/MiKTeX/texmfs/install/tex/latex/listings/listings.cfg"
File: listings.cfg 2018/09/02 1.7 listings configuration
))
Package: listings 2018/09/02 1.7 (Carsten Heinz)
 ("/Users/em137vl/Library/Application Support/MiKTeX/texmfs/install/tex/latex/mathtools/mathtools.sty"
Package: mathtools 2018/01/08 v1.21 mathematical typesetting tools
 ("/Users/em137vl/Library/Application Support/MiKTeX/texmfs/install/tex/latex/tools/calc.sty"
Package: calc 2017/05/25 v4.3 Infix arithmetic (KKT,FJ)
\calc@Acount=\count342
\calc@Bcount=\count343
\calc@Adimen=\dimen280
\calc@Bdimen=\dimen281
\calc@Askip=\skip126
\calc@Bskip=\skip127
LaTeX Info: Redefining \setlength on input line 80.
LaTeX Info: Redefining \addtolength on input line 81.
\calc@Ccount=\count344
\calc@Cskip=\skip128
) ("/Users/em137vl/Library/Application Support/MiKTeX/texmfs/install/tex/latex/mathtools/mhsetup.sty"
Package: mhsetup 2017/03/31 v1.3 programming setup (MH)
)
LaTeX Info: Thecontrolsequence`\('isalreadyrobust on input line 129.
LaTeX Info: Thecontrolsequence`\)'isalreadyrobust on input line 129.
LaTeX Info: Thecontrolsequence`\['isalreadyrobust on input line 129.
LaTeX Info: Thecontrolsequence`\]'isalreadyrobust on input line 129.
\g_MT_multlinerow_int=\count345
\l_MT_multwidth_dim=\dimen282
\origjot=\skip129
\l_MT_shortvdotswithinadjustabove_dim=\dimen283
\l_MT_shortvdotswithinadjustbelow_dim=\dimen284
\l_MT_above_intertext_sep=\dimen285
\l_MT_below_intertext_sep=\dimen286
\l_MT_above_shortintertext_sep=\dimen287
\l_MT_below_shortintertext_sep=\dimen288
)
\@input{macros.aux}
\openout2 = `macros.aux'.

(/Users/em137vl/git/zkp-opensource/ZKPDemo/documentation/whitepaper/macros.tex ("/Users/em137vl/Library/Application Support/MiKTeX/texmfs/install/tex/latex/framed/framed.sty"
Package: framed 2011/10/22 v 0.96: framed or shaded text with page breaks
\OuterFrameSep=\skip130
\fb@frw=\dimen289
\fb@frh=\dimen290
\FrameRule=\dimen291
\FrameSep=\dimen292
)) (/Users/em137vl/git/zkp-opensource/ZKPDemo/documentation/whitepaper/nightfall-v1.aux

LaTeX Warning: Label `fig:trustedSetupWarning' multiply defined.


LaTeX Warning: Label `sec:721TransferDetails' multiply defined.

)
\openout1 = `nightfall-v1.aux'.

LaTeX Font Info:    Checking defaults for OML/cmm/m/it on input line 248.
LaTeX Font Info:    ... okay on input line 248.
LaTeX Font Info:    Checking defaults for T1/cmr/m/n on input line 248.
LaTeX Font Info:    ... okay on input line 248.
LaTeX Font Info:    Checking defaults for OT1/cmr/m/n on input line 248.
LaTeX Font Info:    ... okay on input line 248.
LaTeX Font Info:    Checking defaults for OMS/cmsy/m/n on input line 248.
LaTeX Font Info:    ... okay on input line 248.
LaTeX Font Info:    Checking defaults for OMX/cmex/m/n on input line 248.
LaTeX Font Info:    ... okay on input line 248.
LaTeX Font Info:    Checking defaults for U/cmr/m/n on input line 248.
LaTeX Font Info:    ... okay on input line 248.
LaTeX Font Info:    Checking defaults for PD1/pdf/m/n on input line 248.
LaTeX Font Info:    ... okay on input line 248.
Package minitoc(hints) Info: I0049
(minitoc(hints))             ==> You requested the hints option. 
(minitoc(hints))             Some hints are eventually given below.


Package minitoc(hints) Warning: W0030
(minitoc(hints))                --- The \part command is altered 
(minitoc(hints))                after minitoc.


Package minitoc(hints) Warning: W0023
(minitoc(hints))                --- It may be the consequence 
(minitoc(hints))                of loading the ``hyperref'' package.


Package minitoc(hints) Warning: W0039
(minitoc(hints))                --- The \section command is altered 
(minitoc(hints))                after minitoc.


Package minitoc(hints) Warning: W0023
(minitoc(hints))                --- It may be the consequence 
(minitoc(hints))                of loading the ``hyperref'' package.

ABD: EveryShipout initializing macros ("/Users/em137vl/Library/Application Support/MiKTeX/texmfs/install/tex/context/base/supp-pdf.mkii"
[Loading MPS to PDF converter (version 2006.09.02).]
\scratchcounter=\count346
\scratchdimen=\dimen293
\scratchbox=\box89
\nofMPsegments=\count347
\nofMParguments=\count348
\everyMPshowfont=\toks54
\MPscratchCnt=\count349
\MPscratchDim=\dimen294
\MPnumerator=\count350
\makeMPintoPDFobject=\count351
\everyMPtoPDFconversion=\toks55
) ("/Users/em137vl/Library/Application Support/MiKTeX/texmfs/install/tex/latex/oberdiek/epstopdf-base.sty"
Package: epstopdf-base 2016/05/15 v2.6 Base part for package epstopdf
 ("/Users/em137vl/Library/Application Support/MiKTeX/texmfs/install/tex/latex/oberdiek/grfext.sty"
Package: grfext 2016/05/16 v1.2 Manage graphics extensions (HO)
)
Package epstopdf-base Info: Redefining graphics rule for `.eps' on input line 438.
Package grfext Info: Graphics extension search list:
(grfext)             [.pdf,.png,.jpg,.mps,.jpeg,.jbig2,.jb2,.PDF,.PNG,.JPG,.JPEG,.JBIG2,.JB2,.eps]
(grfext)             \AppendGraphicsExtensions on input line 456.
)
*geometry* driver: auto-detecting
*geometry* detected driver: pdftex
*geometry* verbose mode - [ preamble ] result:
* driver: pdftex
* paper: a4paper
* layout: <same size as paper>
* layoutoffset:(h,v)=(0.0pt,0.0pt)
* modes: 
* h-part:(L,W,R)=(36.135pt, 525.23788pt, 36.135pt)
* v-part:(T,H,B)=(36.135pt, 772.77686pt, 36.135pt)
* \paperwidth=597.50787pt
* \paperheight=845.04684pt
* \textwidth=525.23788pt
* \textheight=772.77686pt
* \oddsidemargin=-36.135pt
* \evensidemargin=-36.135pt
* \topmargin=-73.135pt
* \headheight=12.0pt
* \headsep=25.0pt
* \topskip=10.0pt
* \footskip=30.0pt
* \marginparwidth=65.0pt
* \marginparsep=11.0pt
* \columnsep=10.0pt
* \skip\footins=9.0pt plus 4.0pt minus 2.0pt
* \hoffset=0.0pt
* \voffset=0.0pt
* \mag=1000
* \@twocolumnfalse
* \@twosidefalse
* \@mparswitchfalse
* \@reversemarginfalse
* (1in=72.27pt=25.4mm, 1cm=28.453pt)

\AtBeginShipoutBox=\box90
Package hyperref Info: Link coloring ON on input line 248.
("/Users/em137vl/Library/Application Support/MiKTeX/texmfs/install/tex/latex/hyperref/nameref.sty"
Package: nameref 2016/05/21 v2.44 Cross-referencing by name of section
 ("/Users/em137vl/Library/Application Support/MiKTeX/texmfs/install/tex/generic/oberdiek/gettitlestring.sty"
Package: gettitlestring 2016/05/16 v1.5 Cleanup title references (HO)
)
\c@section@level=\count352
)
LaTeX Info: Redefining \ref on input line 248.
LaTeX Info: Redefining \pageref on input line 248.
LaTeX Info: Redefining \nameref on input line 248.
 (/Users/em137vl/git/zkp-opensource/ZKPDemo/documentation/whitepaper/nightfall-v1.out) (/Users/em137vl/git/zkp-opensource/ZKPDemo/documentation/whitepaper/nightfall-v1.out)
\@outlinefile=\write6
\openout6 = `nightfall-v1.out'.

Package caption Info: Begin \AtBeginDocument code.
Package caption Info: float package is loaded.
Package caption Info: listings package is loaded.
Package caption Info: End \AtBeginDocument code.
\c@lstlisting=\count353
LaTeX Font Info:    Try loading font information for U+msa on input line 250.
 ("/Users/em137vl/Library/Application Support/MiKTeX/texmfs/install/tex/latex/amsfonts/umsa.fd"
File: umsa.fd 2013/01/14 v3.01 AMS symbols A
)
LaTeX Font Info:    Try loading font information for U+msb on input line 250.
 ("/Users/em137vl/Library/Application Support/MiKTeX/texmfs/install/tex/latex/amsfonts/umsb.fd"
File: umsb.fd 2013/01/14 v3.01 AMS symbols B
)
Package minitoc Info: I0026
(minitoc)             PREPARING SECTTOCS FROM nightfall-v1.toc on input line 251.
Package minitoc Info: I0033
(minitoc)             Writing nightfall-v1.stc1 on input line 251.
\openout3 = `nightfall-v1.stc1'.

Package minitoc Info: I0033
(minitoc)             Writing nightfall-v1.stc2 on input line 251.
\openout3 = `nightfall-v1.stc2'.

Package minitoc Info: I0033
(minitoc)             Writing nightfall-v1.stc3 on input line 251.
\openout3 = `nightfall-v1.stc3'.

Package minitoc Info: I0033
(minitoc)             Writing nightfall-v1.stc4 on input line 251.
\openout3 = `nightfall-v1.stc4'.

Package minitoc Info: I0033
(minitoc)             Writing nightfall-v1.stc5 on input line 251.
\openout3 = `nightfall-v1.stc5'.

Package minitoc Info: I0033
(minitoc)             Writing nightfall-v1.stc6 on input line 251.
\openout3 = `nightfall-v1.stc6'.

Package minitoc Info: I0033
(minitoc)             Writing nightfall-v1.stc7 on input line 251.
\openout3 = `nightfall-v1.stc7'.



Package minitoc Warning: W0014
(minitoc)                No file nightfall-v1.lof 
(minitoc)                SECTLOFS NOT PREPARED on input line 252.

Package minitoc Info: I0025
(minitoc)             PREPARING PARTTOCS FROM nightfall-v1.toc on input line 261.
Package minitoc Info: I0033
(minitoc)             Writing nightfall-v1.ptc1.
\openout3 = `nightfall-v1.ptc1'.

Package minitoc Info: I0033
(minitoc)             Writing nightfall-v1.ptc2.
\openout3 = `nightfall-v1.ptc2'.

Package minitoc Info: I0033
(minitoc)             Writing nightfall-v1.ptc3.
\openout3 = `nightfall-v1.ptc3'.

Package placeins Info: No floats held, on input line 261.
(/Users/em137vl/git/zkp-opensource/ZKPDemo/documentation/whitepaper/nightfall-v1.toc)
\tf@toc=\write7
\openout7 = `nightfall-v1.toc'.

 [1



{/Users/em137vl/Library/Application Support/MiKTeX/texmfs/data/pdftex/config/pdftex.map}
Package placeins Info: Float barrier, from input line 261, processed on page 1, lands on page 1. 
]
\openout3 = `nightfall-v1.mtc'.

\openout3 = `nightfall-v1.mtc'.

 (/Users/em137vl/git/zkp-opensource/ZKPDemo/documentation/whitepaper/nightfall-v1.ptc1)
Underfull \hbox (badness 10000) in paragraph at lines 271--282

 []


Underfull \hbox (badness 10000) in paragraph at lines 271--282

 []


Underfull \hbox (badness 10000) in paragraph at lines 271--282

 []


Underfull \hbox (badness 10000) in paragraph at lines 271--282

 []

Package placeins Info: No floats held, on input line 287.

Underfull \hbox (badness 10000) in paragraph at lines 291--294

 []

LaTeX Font Info:    Font shape `OT1/cmtt/bx/n' in size <10> not available
(Font)              Font shape `OT1/cmtt/m/n' tried instead on input line 304.

Underfull \hbox (badness 10000) in paragraph at lines 320--328

 []


Underfull \hbox (badness 10000) in paragraph at lines 320--328

 []


Underfull \hbox (badness 10000) in paragraph at lines 320--328

 []

[2
Package placeins Info: Float barrier, from input line 287, processed on page 2, lands on page 2. 
]
Underfull \hbox (badness 10000) in paragraph at lines 330--334

 []


Underfull \hbox (badness 10000) in paragraph at lines 330--334

 []


Underfull \hbox (badness 10000) in paragraph at lines 330--334

 []


Underfull \hbox (badness 10000) in paragraph at lines 336--349

 []


Underfull \hbox (badness 10000) in paragraph at lines 336--349

 []

Package mdframed Info: mdframed inside float 
 mdframed uses option nobreak mdframed on input line 360.
Package mdframed Info: mdframed inside a box 
 mdframed uses option nobreak mdframed on input line 360.
[3]
\openout3 = `nightfall-v1.mtc'.

\openout3 = `nightfall-v1.mtc'.

 (/Users/em137vl/git/zkp-opensource/ZKPDemo/documentation/whitepaper/nightfall-v1.ptc2) [4]
Package placeins Info: No floats held, on input line 381.

Underfull \hbox (badness 10000) in paragraph at lines 383--390

 []


Underfull \hbox (badness 10000) in paragraph at lines 383--390

 []


Underfull \hbox (badness 10000) in paragraph at lines 383--390

 []


Underfull \hbox (badness 10000) in paragraph at lines 410--415

 []


Underfull \hbox (badness 10000) in paragraph at lines 432--435

 []


Underfull \hbox (badness 10000) in paragraph at lines 432--435

 []


Underfull \hbox (badness 10000) in paragraph at lines 438--452

 []


Overfull \hbox (167.62344pt too wide) in paragraph at lines 438--452
[] 
 []

[5
Package placeins Info: Float barrier, from input line 381, processed on page 5, lands on page 5. 
]
Package mdframed Info: mdframed inside float 
 mdframed uses option nobreak mdframed on input line 463.
Package mdframed Info: mdframed inside a box 
 mdframed uses option nobreak mdframed on input line 463.
 [6]
Package placeins Info: No floats held, on input line 470.

Underfull \hbox (badness 10000) in paragraph at lines 473--483

 []


Underfull \hbox (badness 10000) in paragraph at lines 473--483

 []


Underfull \hbox (badness 10000) in paragraph at lines 473--483

 []


Underfull \hbox (badness 10000) in paragraph at lines 473--483

 []


Underfull \hbox (badness 10000) in paragraph at lines 473--483

 []


Underfull \hbox (badness 10000) in paragraph at lines 473--483

 []

<./images/files-before-setup.png, id=162, 260.975pt x 202.7575pt>
File: ./images/files-before-setup.png Graphic file (type png)
<use ./images/files-before-setup.png>
Package pdftex.def Info: ./images/files-before-setup.png  used on input line 486.
(pdftex.def)             Requested size: 169.63174pt x 131.7908pt.
<./images/files-after-setup.png, id=164, 260.975pt x 361.35pt>
File: ./images/files-after-setup.png Graphic file (type png)
<use ./images/files-after-setup.png>
Package pdftex.def Info: ./images/files-after-setup.png  used on input line 495.
(pdftex.def)             Requested size: 169.63174pt x 234.87471pt.
LaTeX Font Info:    Font shape `OT1/cmtt/bx/n' in size <12> not available
(Font)              Font shape `OT1/cmtt/m/n' tried instead on input line 500.
[7
Package placeins Info: Float barrier, from input line 470, processed on page 7, lands on page 7. 
 <./images/files-before-setup.png> <./images/files-after-setup.png>]
Underfull \hbox (badness 10000) in paragraph at lines 511--522

 []


Underfull \hbox (badness 10000) in paragraph at lines 511--522

 []


Underfull \hbox (badness 10000) in paragraph at lines 530--537

 []


Underfull \hbox (badness 10000) in paragraph at lines 530--537

 []


Underfull \hbox (badness 10000) in paragraph at lines 530--537

 []

LaTeX Font Info:    Try loading font information for OMS+cmr on input line 553.
("/Users/em137vl/Library/Application Support/MiKTeX/texmfs/install/tex/latex/base/omscmr.fd"
File: omscmr.fd 2014/09/29 v2.5h Standard LaTeX font definitions
)
LaTeX Font Info:    Font shape `OMS/cmr/m/n' in size <10> not available
(Font)              Font shape `OMS/cmsy/m/n' tried instead on input line 553.
 [8]
Underfull \hbox (badness 10000) in paragraph at lines 590--599

 []


Underfull \hbox (badness 10000) in paragraph at lines 590--599

 []


Underfull \hbox (badness 10000) in paragraph at lines 590--599

 []


Underfull \hbox (badness 10000) in paragraph at lines 590--599

 []

[9]
Underfull \hbox (badness 10000) in paragraph at lines 606--613

 []


Underfull \hbox (badness 10000) in paragraph at lines 606--613

 []


Underfull \hbox (badness 10000) in paragraph at lines 606--613

 []

Package mdframed Info: mdframed inside float 
 mdframed uses option nobreak mdframed on input line 614.
Package mdframed Info: mdframed inside a box 
 mdframed uses option nobreak mdframed on input line 614.

Underfull \hbox (badness 10000) in paragraph at lines 623--640

 []


Overfull \hbox (167.62344pt too wide) in paragraph at lines 623--640
[] 
 []

[10]
Package placeins Info: No floats held, on input line 644.
\openout3 = `nightfall-v1.mtc'.

\openout3 = `nightfall-v1.mtc'.

 (/Users/em137vl/git/zkp-opensource/ZKPDemo/documentation/whitepaper/nightfall-v1.stc4)
Underfull \hbox (badness 10000) in paragraph at lines 655--657

 []


Underfull \hbox (badness 10000) in paragraph at lines 655--657

 []


Underfull \hbox (badness 10000) in paragraph at lines 660--671

 []


Underfull \hbox (badness 10000) in paragraph at lines 660--671

 []


Underfull \hbox (badness 10000) in paragraph at lines 660--671

 []


Underfull \hbox (badness 10000) in paragraph at lines 660--671

 []


Underfull \hbox (badness 10000) in paragraph at lines 660--671

 []


Underfull \hbox (badness 10000) in paragraph at lines 660--671

 []


Underfull \hbox (badness 10000) in paragraph at lines 673--678

 []


Underfull \hbox (badness 10000) in paragraph at lines 673--678

 []


Underfull \hbox (badness 10000) in paragraph at lines 673--678

 []


Underfull \hbox (badness 10000) in paragraph at lines 680--685

 []


Underfull \hbox (badness 10000) in paragraph at lines 680--685

 []


Underfull \hbox (badness 10000) in paragraph at lines 680--685

 []

[11
Package placeins Info: Float barrier, from input line 644, processed on page 11, lands on page 11. 
]
Underfull \hbox (badness 10000) in paragraph at lines 688--691

 []


Underfull \hbox (badness 10000) in paragraph at lines 695--702

 []


Underfull \hbox (badness 10000) in paragraph at lines 695--702

 []


Underfull \hbox (badness 10000) in paragraph at lines 695--702

 []


Underfull \hbox (badness 10000) in paragraph at lines 704--711

 []


Underfull \hbox (badness 10000) in paragraph at lines 704--711

 []


Underfull \hbox (badness 10000) in paragraph at lines 704--711

 []

[12]
Underfull \hbox (badness 10000) in paragraph at lines 744--745

 []


Underfull \hbox (badness 10000) in paragraph at lines 748--751

 []


Underfull \hbox (badness 10000) in paragraph at lines 748--751

 []


Underfull \hbox (badness 10000) in paragraph at lines 748--751

 []


Underfull \hbox (badness 10000) in paragraph at lines 754--767

 []


Overfull \hbox (95.45665pt too wide) in paragraph at lines 754--767
[] 
 []

[13]
Package placeins Info: No floats held, on input line 782.
\openout3 = `nightfall-v1.mtc'.

\openout3 = `nightfall-v1.mtc'.

 (/Users/em137vl/git/zkp-opensource/ZKPDemo/documentation/whitepaper/nightfall-v1.stc5) [14
Package placeins Info: Float barrier, from input line 782, processed on page 14, lands on page 14. 
]
Underfull \hbox (badness 10000) in paragraph at lines 832--837

 []


Underfull \hbox (badness 10000) in paragraph at lines 849--862

 []


Overfull \hbox (149.20674pt too wide) in paragraph at lines 849--862
[] 
 []


Underfull \hbox (badness 10000) in paragraph at lines 868--876

 []


Underfull \hbox (badness 1292) in paragraph at lines 868--876
\OT1/cmr/m/n/10 The \OT1/cmtt/m/n/10 whisper-controller.js \OT1/cmr/m/n/10 and The \OT1/cmtt/m/n/10 whisper-controller-stub.js \OT1/cmr/m/n/10 only listen for Whisper events (via
 []


Underfull \hbox (badness 10000) in paragraph at lines 868--876

 []


Underfull \hbox (badness 10000) in paragraph at lines 868--876

 []

Package mdframed Info: mdframed inside float 
 mdframed uses option nobreak mdframed on input line 876.
Package mdframed Info: mdframed inside a box 
 mdframed uses option nobreak mdframed on input line 876.

Underfull \hbox (badness 10000) in paragraph at lines 885--891

 []


Underfull \hbox (badness 10000) in paragraph at lines 885--891

 []


Underfull \hbox (badness 10000) in paragraph at lines 896--907

 []


Underfull \hbox (badness 10000) in paragraph at lines 896--907

 []


Underfull \hbox (badness 10000) in paragraph at lines 896--907

 []


Underfull \hbox (badness 10000) in paragraph at lines 896--907

 []


Underfull \hbox (badness 10000) in paragraph at lines 896--907

 []

[15]
Underfull \hbox (badness 10000) in paragraph at lines 911--917

 []


Underfull \hbox (badness 10000) in paragraph at lines 911--917

 []

Package mdframed Info: mdframed inside float 
 mdframed uses option nobreak mdframed on input line 917.
Package mdframed Info: mdframed inside a box 
 mdframed uses option nobreak mdframed on input line 917.

Underfull \hbox (badness 10000) in paragraph at lines 925--930

 []


Underfull \hbox (badness 10000) in paragraph at lines 941--945

 []

Package mdframed Info: mdframed inside float 
 mdframed uses option nobreak mdframed on input line 945.
Package mdframed Info: mdframed inside a box 
 mdframed uses option nobreak mdframed on input line 945.

Underfull \hbox (badness 10000) in paragraph at lines 954--959

 []


Overfull \hbox (33.39969pt too wide) in paragraph at lines 954--959
[] 
 []


Underfull \hbox (badness 10000) in paragraph at lines 967--968

 []


Underfull \hbox (badness 10000) in paragraph at lines 972--978

 []


Underfull \hbox (badness 10000) in paragraph at lines 972--978

 []

Package mdframed Info: mdframed inside float 
 mdframed uses option nobreak mdframed on input line 978.
Package mdframed Info: mdframed inside a box 
 mdframed uses option nobreak mdframed on input line 978.
[16]
Underfull \hbox (badness 10000) in paragraph at lines 987--993

 []

[17]
\openout3 = `nightfall-v1.mtc'.

\openout3 = `nightfall-v1.mtc'.

 (/Users/em137vl/git/zkp-opensource/ZKPDemo/documentation/whitepaper/nightfall-v1.ptc3) [18]
Package placeins Info: No floats held, on input line 1028.
\openout3 = `nightfall-v1.mtc'.

\openout3 = `nightfall-v1.mtc'.

 (/Users/em137vl/git/zkp-opensource/ZKPDemo/documentation/whitepaper/nightfall-v1.stc6)
Package minitoc Info: I0006
(minitoc)             nightfall-v1.slf6 is empty on input line 1033.
 [19
Package placeins Info: Float barrier, from input line 1028, processed on page 19, lands on page 19. 
] [20] [21]
Underfull \hbox (badness 10000) in paragraph at lines 1153--1157

 []


Underfull \hbox (badness 10000) in paragraph at lines 1161--1171

 []


Underfull \hbox (badness 10000) in paragraph at lines 1161--1171

 []


Underfull \hbox (badness 10000) in paragraph at lines 1161--1171

 []

Package mdframed Info: mdframed inside float 
 mdframed uses option nobreak mdframed on input line 1171.
Package mdframed Info: mdframed inside a box 
 mdframed uses option nobreak mdframed on input line 1171.

Underfull \hbox (badness 10000) in paragraph at lines 1176--1181

 []

[22]
LaTeX Font Info:    Try loading font information for OMS+cmtt on input line 1227.
LaTeX Font Info:    No file OMScmtt.fd. on input line 1227.


LaTeX Font Warning: Font shape `OMS/cmtt/m/n' undefined
(Font)              using `OMS/cmsy/m/n' instead
(Font)              for symbol `textbraceleft' on input line 1227.

[23]
Underfull \hbox (badness 10000) in paragraph at lines 1296--1302

 []


Underfull \hbox (badness 10000) in paragraph at lines 1296--1302

 []


Underfull \hbox (badness 10000) in paragraph at lines 1304--1306

 []


Underfull \hbox (badness 10000) in paragraph at lines 1400--1402

 []


Underfull \hbox (badness 10000) in paragraph at lines 1405--1407

 []

[24]
Underfull \hbox (badness 10000) in paragraph at lines 1501--1502

 []

[25]
Package minitoc Info: I0006
(minitoc)             nightfall-v1.slf6 is empty on input line 1529.


LaTeX Warning: Hyper reference `sec:Mint' on page 26 undefined on input line 1529.


Underfull \hbox (badness 10000) in paragraph at lines 1529--1534

 []


Underfull \hbox (badness 10000) in paragraph at lines 1529--1534

 []


Underfull \hbox (badness 10000) in paragraph at lines 1555--1558

 []


Underfull \hbox (badness 10000) in paragraph at lines 1555--1558

 []

[26] [27] [28]
Underfull \hbox (badness 10000) in paragraph at lines 1719--1726

 []


Underfull \hbox (badness 10000) in paragraph at lines 1719--1726

 []


Underfull \hbox (badness 10000) in paragraph at lines 1728--1732

 []


Underfull \hbox (badness 10000) in paragraph at lines 1728--1732

 []


Underfull \hbox (badness 10000) in paragraph at lines 1860--1866

 []


Underfull \hbox (badness 10000) in paragraph at lines 1860--1866

 []


Underfull \hbox (badness 10000) in paragraph at lines 1868--1872

 []


Underfull \hbox (badness 10000) in paragraph at lines 1874--1878

 []

[29]
Underfull \hbox (badness 10000) in paragraph at lines 1927--1931

 []


Underfull \hbox (badness 10000) in paragraph at lines 1946--1952

 []


Overfull \hbox (20.71915pt too wide) in paragraph at lines 1946--1952
\OT1/cmr/m/n/10 Alice uses the $\OML/cmm/m/it/10 C[]$ \OT1/cmr/m/n/10 (or $\OML/cmm/m/it/10 C$\OT1/cmr/m/n/10 ) -- the set of constraints for a non-fungible transfer, located in \OT1/cmtt/m/n/10 zkp/code/gm17/nft-transfer
 []


Underfull \hbox (badness 10000) in paragraph at lines 1946--1952

 []


Underfull \hbox (badness 10000) in paragraph at lines 1961--1964

 []


Underfull \hbox (badness 10000) in paragraph at lines 1970--1973

 []

[30]
Underfull \hbox (badness 10000) in paragraph at lines 1978--1980

 []


Underfull \hbox (badness 10000) in paragraph at lines 1978--1980

 []


Underfull \hbox (badness 10000) in paragraph at lines 1985--1989

 []


Underfull \hbox (badness 10000) in paragraph at lines 2019--2025

 []


Underfull \hbox (badness 10000) in paragraph at lines 2019--2025

 []


Overfull \hbox (72.3184pt too wide) in paragraph at lines 2030--2031
[]\OT1/cmr/m/n/10 Append the commitment $\OML/cmm/m/it/10 Z[]$ \OT1/cmr/m/n/10 to the ever-increasing array of tokens, $\OML/cmm/b/it/10 Z[]$\OT1/cmr/m/n/10 , so that $\OML/cmm/b/it/10 Z[] \OT1/cmr/m/n/10 = (\OML/cmm/m/it/10 Z[]; Z[]; :::Z[]; Z[]; Z[]; :::Z[]; Z[]\OT1/cmr/m/n/10 )$ 
 []


Underfull \hbox (badness 10000) in paragraph at lines 2030--2031

 []


Underfull \hbox (badness 10000) in paragraph at lines 2031--2033

 []


Underfull \hbox (badness 10000) in paragraph at lines 2031--2033

 []

[31]
Underfull \hbox (badness 10000) in paragraph at lines 2170--2176

 []


Underfull \hbox (badness 10000) in paragraph at lines 2170--2176

 []


Underfull \hbox (badness 10000) in paragraph at lines 2178--2184

 []


Underfull \hbox (badness 10000) in paragraph at lines 2178--2184

 []

[32]
Underfull \hbox (badness 10000) in paragraph at lines 2204--2218

 []


Underfull \hbox (badness 10000) in paragraph at lines 2204--2218

 []


Underfull \hbox (badness 10000) in paragraph at lines 2204--2218

 []


Underfull \hbox (badness 10000) in paragraph at lines 2204--2218

 []


Underfull \hbox (badness 10000) in paragraph at lines 2204--2218

 []


Underfull \hbox (badness 10000) in paragraph at lines 2204--2218

 []

[33] [34] [35]
Underfull \hbox (badness 10000) in paragraph at lines 2336--2344

 []


Underfull \hbox (badness 10000) in paragraph at lines 2336--2344

 []


Overfull \hbox (4.75156pt too wide) detected at line 2509
[]
 []


Underfull \hbox (badness 10000) in paragraph at lines 2513--2519

 []


Underfull \hbox (badness 10000) in paragraph at lines 2513--2519

 []


Underfull \hbox (badness 10000) in paragraph at lines 2521--2525

 []


Underfull \hbox (badness 10000) in paragraph at lines 2527--2531

 []


Underfull \hbox (badness 10000) in paragraph at lines 2579--2583

 []

[36]
Underfull \hbox (badness 10000) in paragraph at lines 2596--2602

 []


Underfull \hbox (badness 10000) in paragraph at lines 2596--2602

 []


Underfull \hbox (badness 10000) in paragraph at lines 2611--2614

 []


Underfull \hbox (badness 10000) in paragraph at lines 2625--2627

 []


Underfull \hbox (badness 10000) in paragraph at lines 2625--2627

 []


Underfull \hbox (badness 10000) in paragraph at lines 2638--2642

 []

[37]
Underfull \hbox (badness 10000) in paragraph at lines 2672--2678

 []


Underfull \hbox (badness 10000) in paragraph at lines 2672--2678

 []

[38]
Package placeins Info: No floats held, on input line 2737.
\openout3 = `nightfall-v1.mtc'.

\openout3 = `nightfall-v1.mtc'.

 (/Users/em137vl/git/zkp-opensource/ZKPDemo/documentation/whitepaper/nightfall-v1.stc7)
Package minitoc Info: I0006
(minitoc)             nightfall-v1.slf7 is empty on input line 2742.

Underfull \hbox (badness 10000) in paragraph at lines 2743--2747

 []

[39
Package placeins Info: Float barrier, from input line 2737, processed on page 39, lands on page 39. 
] [40] [41]
Underfull \hbox (badness 10000) in paragraph at lines 2862--2866

 []


Underfull \hbox (badness 10000) in paragraph at lines 2870--2880

 []


Underfull \hbox (badness 10000) in paragraph at lines 2870--2880

 []


Underfull \hbox (badness 10000) in paragraph at lines 2870--2880

 []

Package mdframed Info: mdframed inside float 
 mdframed uses option nobreak mdframed on input line 2880.
Package mdframed Info: mdframed inside a box 
 mdframed uses option nobreak mdframed on input line 2880.

Underfull \hbox (badness 10000) in paragraph at lines 2886--2893

 []


Underfull \hbox (badness 10000) in paragraph at lines 2886--2893

 []

[42] [43]
Underfull \hbox (badness 10000) in paragraph at lines 3012--3018

 []


Underfull \hbox (badness 10000) in paragraph at lines 3012--3018

 []


Underfull \hbox (badness 10000) in paragraph at lines 3020--3022

 []


Underfull \hbox (badness 10000) in paragraph at lines 3116--3118

 []


Underfull \hbox (badness 10000) in paragraph at lines 3121--3123

 []

[44]
Underfull \hbox (badness 10000) in paragraph at lines 3220--3222

 []

[45]

LaTeX Warning: Hyper reference `sec:Mint' on page 46 undefined on input line 3247.


Underfull \hbox (badness 10000) in paragraph at lines 3247--3250

 []


Underfull \hbox (badness 10000) in paragraph at lines 3271--3274

 []


Underfull \hbox (badness 10000) in paragraph at lines 3271--3274

 []


Underfull \hbox (badness 10000) in paragraph at lines 3277--3281

 []


Underfull \hbox (badness 10000) in paragraph at lines 3284--3288

 []


Underfull \hbox (badness 10000) in paragraph at lines 3298--3299

 []

[46]
Overfull \vbox (63.58028pt too high) has occurred while \output is active []

 [47] [48]
Underfull \hbox (badness 10000) in paragraph at lines 3472--3482

 []


Underfull \hbox (badness 10000) in paragraph at lines 3472--3482

 []


Underfull \hbox (badness 10000) in paragraph at lines 3472--3482

 []


Underfull \hbox (badness 10000) in paragraph at lines 3472--3482

 []


Underfull \hbox (badness 10000) in paragraph at lines 3484--3488

 []


Underfull \hbox (badness 10000) in paragraph at lines 3484--3488

 []


Underfull \hbox (badness 10000) in paragraph at lines 3628--3632

 []


Underfull \hbox (badness 10000) in paragraph at lines 3634--3638

 []


Underfull \hbox (badness 10000) in paragraph at lines 3640--3646

 []


Underfull \hbox (badness 10000) in paragraph at lines 3640--3646

 []

[49]
Underfull \hbox (badness 10000) in paragraph at lines 3693--3695

 []


Underfull \hbox (badness 10000) in paragraph at lines 3697--3701

 []


Underfull \hbox (badness 10000) in paragraph at lines 3722--3728

 []


Underfull \hbox (badness 10000) in paragraph at lines 3722--3728

 []


Underfull \hbox (badness 10000) in paragraph at lines 3731--3732

 []


Underfull \hbox (badness 10000) in paragraph at lines 3741--3744

 []

[50]
Underfull \hbox (badness 10000) in paragraph at lines 3750--3753

 []


Underfull \hbox (badness 10000) in paragraph at lines 3753--3755

 []


Underfull \hbox (badness 10000) in paragraph at lines 3765--3767

 []


Underfull \hbox (badness 10000) in paragraph at lines 3765--3767

 []


Underfull \hbox (badness 10000) in paragraph at lines 3772--3776

 []

[51]
Underfull \hbox (badness 10000) in paragraph at lines 3805--3811

 []


Underfull \hbox (badness 10000) in paragraph at lines 3805--3811

 []


Overfull \hbox (98.24998pt too wide) in paragraph at lines 3818--3819
[]\OT1/cmr/m/n/10 Append the commitment $\OML/cmm/m/it/10 Z[]$ \OT1/cmr/m/n/10 to the ever-increasing array of tokens, $\OML/cmm/b/it/10 Z[]$\OT1/cmr/m/n/10 , so that $\OML/cmm/b/it/10 Z[] \OT1/cmr/m/n/10 = (\OML/cmm/m/it/10 Z[]; Z[]; :::Z[]; Z[]; :::; Z[]; :::Z[]; Z[]\OT1/cmr/m/n/10 )$ 
 []


Underfull \hbox (badness 10000) in paragraph at lines 3818--3819

 []


Underfull \hbox (badness 10000) in paragraph at lines 3819--3821

 []


Underfull \hbox (badness 10000) in paragraph at lines 3819--3821

 []


Overfull \hbox (125.7199pt too wide) in paragraph at lines 3821--3822
[]\OT1/cmr/m/n/10 Append the commitment $\OML/cmm/m/it/10 Z[]$ \OT1/cmr/m/n/10 to the ever-increasing array of tokens, $\OML/cmm/b/it/10 Z[]$\OT1/cmr/m/n/10 , so that $\OML/cmm/b/it/10 Z[] \OT1/cmr/m/n/10 = (\OML/cmm/m/it/10 Z[]; Z[]; :::Z[]; Z[]; :::; Z[]; :::Z[]; Z[]; Z[]\OT1/cmr/m/n/10 )$ 
 []


Underfull \hbox (badness 10000) in paragraph at lines 3821--3822

 []


Overfull \hbox (1.30331pt too wide) detected at line 3981
[]
 []


Underfull \hbox (badness 10000) in paragraph at lines 3989--3995

 []


Underfull \hbox (badness 10000) in paragraph at lines 3989--3995

 []

[52] [53]
Underfull \hbox (badness 10000) in paragraph at lines 4027--4039

 []


Underfull \hbox (badness 10000) in paragraph at lines 4027--4039

 []


Underfull \hbox (badness 10000) in paragraph at lines 4027--4039

 []


Underfull \hbox (badness 10000) in paragraph at lines 4027--4039

 []


Underfull \hbox (badness 10000) in paragraph at lines 4027--4039

 []

[54] [55] [56]
Underfull \hbox (badness 10000) in paragraph at lines 4160--4168

 []


Underfull \hbox (badness 10000) in paragraph at lines 4160--4168

 []


Overfull \hbox (4.66838pt too wide) in paragraph at lines 4172--4174
\OT1/cmr/m/n/10 We denote the corresponding Merkle Tree which holds tokens $\OML/cmm/b/it/10 Z[]$ \OT1/cmr/m/n/10 by $\OML/cmm/m/it/10 M[]$\OT1/cmr/m/n/10 . We denote its root by $\OML/cmm/m/it/10 root[]$\OT1/cmr/m/n/10 ;
 []


Overfull \hbox (3.41869pt too wide) detected at line 4340
[]
 []


Underfull \hbox (badness 10000) in paragraph at lines 4344--4350

 []


Underfull \hbox (badness 10000) in paragraph at lines 4344--4350

 []


Underfull \hbox (badness 10000) in paragraph at lines 4352--4356

 []


Underfull \hbox (badness 10000) in paragraph at lines 4358--4362

 []


Underfull \hbox (badness 10000) in paragraph at lines 4414--4418

 []

[57]
Underfull \hbox (badness 10000) in paragraph at lines 4434--4440

 []


Underfull \hbox (badness 10000) in paragraph at lines 4434--4440

 []


Underfull \hbox (badness 10000) in paragraph at lines 4449--4452

 []


Underfull \hbox (badness 10000) in paragraph at lines 4463--4465

 []


Underfull \hbox (badness 10000) in paragraph at lines 4463--4465

 []


Underfull \hbox (badness 10000) in paragraph at lines 4476--4480

 []

[58]
Underfull \hbox (badness 10000) in paragraph at lines 4511--4517

 []


Underfull \hbox (badness 10000) in paragraph at lines 4511--4517

 []

[59]
No file nightfall-v1.bbl.
Package minitoc Info: I0009
(minitoc)             Listing minitoc auxiliary files. 
(minitoc)             Creating the nightfall-v1.maf file.
\openout3 = `nightfall-v1.maf'.


Package minitoc(hints) Warning: W0072
(minitoc(hints))                You have used \sectlof but not 
(minitoc(hints))                \listoffigures
(minitoc(hints))                nor \fakelistoffigures.


Package minitoc(hints) Warning: W0033
(minitoc(hints))                The caption package should be 
(minitoc(hints))                loaded BEFORE the minitoc package.

Package minitoc(hints) Info: I0053
(minitoc(hints))             You have loaded the float package; 
(minitoc(hints))             please be aware that the minitoc package 
(minitoc(hints))             facilities can not be used for new types 
(minitoc(hints))             of floats defined by the float package.

Package minitoc(hints) Warning: W0047
(minitoc(hints))                You have attempted to insert 
(minitoc(hints))                empty sectlofs.


Package minitoc(hints) Warning: W0024
(minitoc(hints))                Some hints have been written 
(minitoc(hints))                in the nightfall-v1.log file.

[60]
Package atveryend Info: Empty hook `BeforeClearDocument' on input line 4537.
Package atveryend Info: Empty hook `AfterLastShipout' on input line 4537.
 (/Users/em137vl/git/zkp-opensource/ZKPDemo/documentation/whitepaper/nightfall-v1.aux)
Package atveryend Info: Executing hook `AtVeryEndDocument' on input line 4537.
Package atveryend Info: Executing hook `AtEndAfterFileList' on input line 4537.
Package rerunfilecheck Info: File `nightfall-v1.out' has not changed.
(rerunfilecheck)             Checksum: D8778A5B07CA1B99B77973D6C3E42829;548.


LaTeX Font Warning: Some font shapes were not available, defaults substituted.


LaTeX Warning: There were undefined references.


LaTeX Warning: There were multiply-defined labels.

 ) 
Here is how much of TeX's memory you used:
 49379 strings out of 494866
 1052900 string characters out of 3176517
 1267137 words of memory out of 3000000
 51821 multiletter control sequences out of 15000+200000
 548735 words of font info for 85 fonts, out of 3000000 for 9000
 0 hyphenation exceptions out of 8191
 149i,22n,173p,1655b,3342s stack positions out of 5000i,500n,10000p,200000b,50000s
</Users/em137vl/Library/Application Support/MiKTeX/texmfs/install/fonts/type1/public/amsfonts/cmextra/cmbsy7.pfb></Users/em137vl/Library/Application Support/MiKTeX/texmfs/install/fonts/type1/public/amsfonts/cm/cmbx10.pfb></Users/em137vl/Library/Application Support/MiKTeX/texmfs/install/fonts/type1/public/amsfonts/cm/cmbx12.pfb></Users/em137vl/Library/Application Support/MiKTeX/texmfs/install/fonts/type1/public/amsfonts/cm/cmbx7.pfb></Users/em137vl/Library/Application Support/MiKTeX/texmfs/install/fonts/type1/public/amsfonts/cm/cmbx9.pfb></Users/em137vl/Library/Application Support/MiKTeX/texmfs/install/fonts/type1/public/amsfonts/cm/cmex10.pfb></Users/em137vl/Library/Application Support/MiKTeX/texmfs/install/fonts/type1/public/amsfonts/cm/cmmi10.pfb></Users/em137vl/Library/Application Support/MiKTeX/texmfs/install/fonts/type1/public/amsfonts/cm/cmmi5.pfb></Users/em137vl/Library/Application Support/MiKTeX/texmfs/install/fonts/type1/public/amsfonts/cm/cmmi7.pfb></Users/em137vl/Library/Application Support/MiKTeX/texmfs/install/fonts/type1/public/amsfonts/cm/cmmib10.pfb></Users/em137vl/Library/Application Support/MiKTeX/texmfs/install/fonts/type1/public/amsfonts/cmextra/cmmib5.pfb></Users/em137vl/Library/Application Support/MiKTeX/texmfs/install/fonts/type1/public/amsfonts/cmextra/cmmib7.pfb></Users/em137vl/Library/Application Support/MiKTeX/texmfs/install/fonts/type1/public/amsfonts/cm/cmr10.pfb></Users/em137vl/Library/Application Support/MiKTeX/texmfs/install/fonts/type1/public/amsfonts/cm/cmr12.pfb></Users/em137vl/Library/Application Support/MiKTeX/texmfs/install/fonts/type1/public/amsfonts/cm/cmr17.pfb></Users/em137vl/Library/Application Support/MiKTeX/texmfs/install/fonts/type1/public/amsfonts/cm/cmr7.pfb></Users/em137vl/Library/Application Support/MiKTeX/texmfs/install/fonts/type1/public/amsfonts/cm/cmr8.pfb></Users/em137vl/Library/Application Support/MiKTeX/texmfs/install/fonts/type1/public/amsfonts/cm/cmr9.pfb></Users/em137vl/Library/Application Support/MiKTeX/texmfs/install/fonts/type1/public/amsfonts/cm/cmsy10.pfb></Users/em137vl/Library/Application Support/MiKTeX/texmfs/install/fonts/type1/public/amsfonts/cm/cmsy7.pfb></Users/em137vl/Library/Application Support/MiKTeX/texmfs/install/fonts/type1/public/amsfonts/cm/cmti10.pfb></Users/em137vl/Library/Application Support/MiKTeX/texmfs/install/fonts/type1/public/amsfonts/cm/cmtt10.pfb></Users/em137vl/Library/Application Support/MiKTeX/texmfs/install/fonts/type1/public/amsfonts/cm/cmtt12.pfb></Users/em137vl/Library/Application Support/MiKTeX/texmfs/install/fonts/type1/public/amsfonts/cm/cmtt9.pfb></Users/em137vl/Library/Application Support/MiKTeX/texmfs/install/fonts/type1/public/amsfonts/symbols/msbm10.pfb>
Output written on /Users/em137vl/git/zkp-opensource/ZKPDemo/documentation/whitepaper/nightfall-v1.pdf (60 pages, 641655 bytes).
PDF statistics:
 1110 PDF objects out of 1200 (max. 8388607)
 476 named destinations out of 1000 (max. 500000)
 103 words of extra memory for PDF output out of 10000 (max. 10000000)

